This file contains any messages produced by compilers while
running configure, to aid debugging if configure makes a mistake.

It was created by Enhanced CTorrent configure dnh3.3.2, which was
generated by GNU Autoconf 2.61.  Invocation command line was

  $ ./configure 

## --------- ##
## Platform. ##
## --------- ##

hostname = smalik-laptop
uname -m = x86_64
uname -r = 3.1.6-1.fc16.x86_64
uname -s = Linux
uname -v = #1 SMP Wed Dec 21 22:41:17 UTC 2011

/usr/bin/uname -p = unknown
/bin/uname -X     = unknown

/bin/arch              = x86_64
/usr/bin/arch -k       = unknown
/usr/convex/getsysinfo = unknown
/usr/bin/hostinfo      = unknown
/bin/machine           = unknown
/usr/bin/oslevel       = unknown
/bin/universe          = unknown

PATH: /home/smalik/Downloads/firefox
PATH: /home/smalik/Downloads/jazz/scmtools/eclipse
PATH: /home/smalik/Downloads/firefox
PATH: /home/smalik/Downloads/jazz/scmtools/eclipse
PATH: /usr/local/bin
PATH: /bin
PATH: /usr/bin
PATH: /usr/local/sbin
PATH: /usr/sbin
PATH: /sbin
PATH: /opt/lodev3.5//program
PATH: /opt/ibm/c4eb/bin
PATH: /home/smalik/bin
PATH: /usr/kerberos/bin


## ----------- ##
## Core tests. ##
## ----------- ##

configure:1791: checking for a BSD-compatible install
configure:1847: result: /usr/bin/install -c
configure:1858: checking whether build environment is sane
configure:1901: result: yes
configure:1966: checking for gawk
configure:1982: found /bin/gawk
configure:1993: result: gawk
configure:2004: checking whether make sets $(MAKE)
configure:2025: result: yes
configure:2275: checking for g++
configure:2291: found /usr/bin/g++
configure:2302: result: g++
configure:2333: checking for C++ compiler version
configure:2340: g++ --version >&5
g++ (GCC) 4.6.2 20111027 (Red Hat 4.6.2-1)
Copyright (C) 2011 Free Software Foundation, Inc.
This is free software; see the source for copying conditions.  There is NO
warranty; not even for MERCHANTABILITY or FITNESS FOR A PARTICULAR PURPOSE.

configure:2343: $? = 0
configure:2350: g++ -v >&5
Using built-in specs.
COLLECT_GCC=g++
COLLECT_LTO_WRAPPER=/usr/libexec/gcc/x86_64-redhat-linux/4.6.2/lto-wrapper
Target: x86_64-redhat-linux
Configured with: ../configure --prefix=/usr --mandir=/usr/share/man --infodir=/usr/share/info --with-bugurl=http://bugzilla.redhat.com/bugzilla --enable-bootstrap --enable-shared --enable-threads=posix --enable-checking=release --with-system-zlib --enable-__cxa_atexit --disable-libunwind-exceptions --enable-gnu-unique-object --enable-linker-build-id --enable-languages=c,c++,objc,obj-c++,java,fortran,ada,go,lto --enable-plugin --enable-java-awt=gtk --disable-dssi --with-java-home=/usr/lib/jvm/java-1.5.0-gcj-1.5.0.0/jre --enable-libgcj-multifile --enable-java-maintainer-mode --with-ecj-jar=/usr/share/java/eclipse-ecj.jar --disable-libjava-multilib --with-ppl --with-cloog --with-tune=generic --with-arch_32=i686 --build=x86_64-redhat-linux
Thread model: posix
gcc version 4.6.2 20111027 (Red Hat 4.6.2-1) (GCC) 
configure:2353: $? = 0
configure:2360: g++ -V >&5
g++: error: unrecognized option '-V'
g++: fatal error: no input files
compilation terminated.
configure:2363: $? = 4
configure:2386: checking for C++ compiler default output file name
configure:2413: g++    conftest.cpp  >&5
configure:2416: $? = 0
configure:2454: result: a.out
configure:2471: checking whether the C++ compiler works
configure:2481: ./a.out
configure:2484: $? = 0
configure:2501: result: yes
configure:2508: checking whether we are cross compiling
configure:2510: result: no
configure:2513: checking for suffix of executables
configure:2520: g++ -o conftest    conftest.cpp  >&5
configure:2523: $? = 0
configure:2547: result: 
configure:2553: checking for suffix of object files
configure:2579: g++ -c   conftest.cpp >&5
configure:2582: $? = 0
configure:2605: result: o
configure:2609: checking whether we are using the GNU C++ compiler
configure:2638: g++ -c   conftest.cpp >&5
configure:2644: $? = 0
configure:2661: result: yes
configure:2666: checking whether g++ accepts -g
configure:2696: g++ -c -g  conftest.cpp >&5
configure:2702: $? = 0
configure:2801: result: yes
configure:2835: checking for style of include used by make
configure:2863: result: GNU
configure:2891: checking dependency style of g++
configure:2981: result: gcc3
configure:3046: checking for gcc
configure:3062: found /usr/bin/gcc
configure:3073: result: gcc
configure:3311: checking for C compiler version
configure:3318: gcc --version >&5
gcc (GCC) 4.6.2 20111027 (Red Hat 4.6.2-1)
Copyright (C) 2011 Free Software Foundation, Inc.
This is free software; see the source for copying conditions.  There is NO
warranty; not even for MERCHANTABILITY or FITNESS FOR A PARTICULAR PURPOSE.

configure:3321: $? = 0
configure:3328: gcc -v >&5
Using built-in specs.
COLLECT_GCC=gcc
COLLECT_LTO_WRAPPER=/usr/libexec/gcc/x86_64-redhat-linux/4.6.2/lto-wrapper
Target: x86_64-redhat-linux
Configured with: ../configure --prefix=/usr --mandir=/usr/share/man --infodir=/usr/share/info --with-bugurl=http://bugzilla.redhat.com/bugzilla --enable-bootstrap --enable-shared --enable-threads=posix --enable-checking=release --with-system-zlib --enable-__cxa_atexit --disable-libunwind-exceptions --enable-gnu-unique-object --enable-linker-build-id --enable-languages=c,c++,objc,obj-c++,java,fortran,ada,go,lto --enable-plugin --enable-java-awt=gtk --disable-dssi --with-java-home=/usr/lib/jvm/java-1.5.0-gcj-1.5.0.0/jre --enable-libgcj-multifile --enable-java-maintainer-mode --with-ecj-jar=/usr/share/java/eclipse-ecj.jar --disable-libjava-multilib --with-ppl --with-cloog --with-tune=generic --with-arch_32=i686 --build=x86_64-redhat-linux
Thread model: posix
gcc version 4.6.2 20111027 (Red Hat 4.6.2-1) (GCC) 
configure:3331: $? = 0
configure:3338: gcc -V >&5
gcc: error: unrecognized option '-V'
gcc: fatal error: no input files
compilation terminated.
configure:3341: $? = 4
configure:3344: checking whether we are using the GNU C compiler
configure:3373: gcc -c   conftest.c >&5
configure:3379: $? = 0
configure:3396: result: yes
configure:3401: checking whether gcc accepts -g
configure:3431: gcc -c -g  conftest.c >&5
configure:3437: $? = 0
configure:3536: result: yes
configure:3553: checking for gcc option to accept ISO C89
configure:3627: gcc  -c -g -O2  conftest.c >&5
configure:3633: $? = 0
configure:3656: result: none needed
configure:3676: checking dependency style of gcc
configure:3766: result: gcc3
configure:3793: checking for library containing clock_gettime
configure:3834: g++ -o conftest -g -O2   conftest.cpp  >&5
/tmp/cctd1l5k.o: In function `main':
/home/smalik/Downloads/arm/ctorrent/ctorrent-dnh3.3.2/conftest.cpp:21: undefined reference to `clock_gettime'
collect2: ld returned 1 exit status
configure:3840: $? = 1
configure: failed program was:
| /* confdefs.h.  */
| #define PACKAGE_NAME "Enhanced CTorrent"
| #define PACKAGE_TARNAME "ctorrent"
| #define PACKAGE_VERSION "dnh3.3.2"
| #define PACKAGE_STRING "Enhanced CTorrent dnh3.3.2"
| #define PACKAGE_BUGREPORT "http://sourceforge.net/projects/dtorrent/ or dholmes@ct.boxmail.com"
| #define PACKAGE "ctorrent"
| #define VERSION "dnh3.3.2"
| /* end confdefs.h.  */
| 
| /* Override any GCC internal prototype to avoid an error.
|    Use char because int might match the return type of a GCC
|    builtin and then its argument prototype would still apply.  */
| #ifdef __cplusplus
| extern "C"
| #endif
| char clock_gettime ();
| int
| main ()
| {
| return clock_gettime ();
|   ;
|   return 0;
| }
configure:3834: g++ -o conftest -g -O2   conftest.cpp -lrt   >&5
configure:3840: $? = 0
configure:3868: result: -lrt
configure:3876: checking for library containing gethostbyname
configure:3917: g++ -o conftest -g -O2   conftest.cpp -lrt  >&5
configure:3923: $? = 0
configure:3951: result: none required
configure:3959: checking for library containing socket
configure:4000: g++ -o conftest -g -O2   conftest.cpp -lrt  >&5
configure:4006: $? = 0
configure:4034: result: none required
configure:4118: checking for dirent.h that defines DIR
configure:4147: g++ -c -g -O2  conftest.cpp >&5
configure:4153: $? = 0
configure:4169: result: yes
configure:4182: checking for library containing opendir
configure:4223: g++ -o conftest -g -O2   conftest.cpp -lrt  >&5
configure:4229: $? = 0
configure:4257: result: none required
configure:4356: checking how to run the C++ preprocessor
configure:4392: g++ -E  conftest.cpp
configure:4398: $? = 0
configure:4429: g++ -E  conftest.cpp
conftest.cpp:11:28: fatal error: ac_nonexistent.h: No such file or directory
compilation terminated.
configure:4435: $? = 1
configure: failed program was:
| /* confdefs.h.  */
| #define PACKAGE_NAME "Enhanced CTorrent"
| #define PACKAGE_TARNAME "ctorrent"
| #define PACKAGE_VERSION "dnh3.3.2"
| #define PACKAGE_STRING "Enhanced CTorrent dnh3.3.2"
| #define PACKAGE_BUGREPORT "http://sourceforge.net/projects/dtorrent/ or dholmes@ct.boxmail.com"
| #define PACKAGE "ctorrent"
| #define VERSION "dnh3.3.2"
| #define HAVE_DIRENT_H 1
| /* end confdefs.h.  */
| #include <ac_nonexistent.h>
configure:4468: result: g++ -E
configure:4497: g++ -E  conftest.cpp
configure:4503: $? = 0
configure:4534: g++ -E  conftest.cpp
conftest.cpp:11:28: fatal error: ac_nonexistent.h: No such file or directory
compilation terminated.
configure:4540: $? = 1
configure: failed program was:
| /* confdefs.h.  */
| #define PACKAGE_NAME "Enhanced CTorrent"
| #define PACKAGE_TARNAME "ctorrent"
| #define PACKAGE_VERSION "dnh3.3.2"
| #define PACKAGE_STRING "Enhanced CTorrent dnh3.3.2"
| #define PACKAGE_BUGREPORT "http://sourceforge.net/projects/dtorrent/ or dholmes@ct.boxmail.com"
| #define PACKAGE "ctorrent"
| #define VERSION "dnh3.3.2"
| #define HAVE_DIRENT_H 1
| /* end confdefs.h.  */
| #include <ac_nonexistent.h>
configure:4578: checking for grep that handles long lines and -e
configure:4652: result: /bin/grep
configure:4657: checking for egrep
configure:4735: result: /bin/grep -E
configure:4740: checking for ANSI C header files
configure:4770: g++ -c -g -O2  conftest.cpp >&5
configure:4776: $? = 0
configure:4875: g++ -o conftest -g -O2   conftest.cpp -lrt  >&5
configure:4878: $? = 0
configure:4884: ./conftest
configure:4887: $? = 0
configure:4904: result: yes
configure:4914: checking whether time.h and sys/time.h may both be included
configure:4944: g++ -c -g -O2  conftest.cpp >&5
configure:4950: $? = 0
configure:4965: result: yes
configure:4989: checking for sys/types.h
configure:5010: g++ -c -g -O2  conftest.cpp >&5
configure:5016: $? = 0
configure:5032: result: yes
configure:4989: checking for sys/stat.h
configure:5010: g++ -c -g -O2  conftest.cpp >&5
configure:5016: $? = 0
configure:5032: result: yes
configure:4989: checking for stdlib.h
configure:5010: g++ -c -g -O2  conftest.cpp >&5
configure:5016: $? = 0
configure:5032: result: yes
configure:4989: checking for string.h
configure:5010: g++ -c -g -O2  conftest.cpp >&5
configure:5016: $? = 0
configure:5032: result: yes
configure:4989: checking for memory.h
configure:5010: g++ -c -g -O2  conftest.cpp >&5
configure:5016: $? = 0
configure:5032: result: yes
configure:4989: checking for strings.h
configure:5010: g++ -c -g -O2  conftest.cpp >&5
configure:5016: $? = 0
configure:5032: result: yes
configure:4989: checking for inttypes.h
configure:5010: g++ -c -g -O2  conftest.cpp >&5
configure:5016: $? = 0
configure:5032: result: yes
configure:4989: checking for stdint.h
configure:5010: g++ -c -g -O2  conftest.cpp >&5
configure:5016: $? = 0
configure:5032: result: yes
configure:4989: checking for unistd.h
configure:5010: g++ -c -g -O2  conftest.cpp >&5
configure:5016: $? = 0
configure:5032: result: yes
configure:5068: checking arpa/inet.h usability
configure:5085: g++ -c -g -O2  conftest.cpp >&5
configure:5091: $? = 0
configure:5105: result: yes
configure:5109: checking arpa/inet.h presence
configure:5124: g++ -E  conftest.cpp
configure:5130: $? = 0
configure:5144: result: yes
configure:5177: checking for arpa/inet.h
configure:5185: result: yes
configure:5068: checking fcntl.h usability
configure:5085: g++ -c -g -O2  conftest.cpp >&5
configure:5091: $? = 0
configure:5105: result: yes
configure:5109: checking fcntl.h presence
configure:5124: g++ -E  conftest.cpp
configure:5130: $? = 0
configure:5144: result: yes
configure:5177: checking for fcntl.h
configure:5185: result: yes
configure:5068: checking limits.h usability
configure:5085: g++ -c -g -O2  conftest.cpp >&5
configure:5091: $? = 0
configure:5105: result: yes
configure:5109: checking limits.h presence
configure:5124: g++ -E  conftest.cpp
configure:5130: $? = 0
configure:5144: result: yes
configure:5177: checking for limits.h
configure:5185: result: yes
configure:5058: checking for memory.h
configure:5064: result: yes
configure:5068: checking netdb.h usability
configure:5085: g++ -c -g -O2  conftest.cpp >&5
configure:5091: $? = 0
configure:5105: result: yes
configure:5109: checking netdb.h presence
configure:5124: g++ -E  conftest.cpp
configure:5130: $? = 0
configure:5144: result: yes
configure:5177: checking for netdb.h
configure:5185: result: yes
configure:5068: checking netinet/in.h usability
configure:5085: g++ -c -g -O2  conftest.cpp >&5
configure:5091: $? = 0
configure:5105: result: yes
configure:5109: checking netinet/in.h presence
configure:5124: g++ -E  conftest.cpp
configure:5130: $? = 0
configure:5144: result: yes
configure:5177: checking for netinet/in.h
configure:5185: result: yes
configure:5068: checking sys/param.h usability
configure:5085: g++ -c -g -O2  conftest.cpp >&5
configure:5091: $? = 0
configure:5105: result: yes
configure:5109: checking sys/param.h presence
configure:5124: g++ -E  conftest.cpp
configure:5130: $? = 0
configure:5144: result: yes
configure:5177: checking for sys/param.h
configure:5185: result: yes
configure:5068: checking sys/socket.h usability
configure:5085: g++ -c -g -O2  conftest.cpp >&5
configure:5091: $? = 0
configure:5105: result: yes
configure:5109: checking sys/socket.h presence
configure:5124: g++ -E  conftest.cpp
configure:5130: $? = 0
configure:5144: result: yes
configure:5177: checking for sys/socket.h
configure:5185: result: yes
configure:5068: checking sys/time.h usability
configure:5085: g++ -c -g -O2  conftest.cpp >&5
configure:5091: $? = 0
configure:5105: result: yes
configure:5109: checking sys/time.h presence
configure:5124: g++ -E  conftest.cpp
configure:5130: $? = 0
configure:5144: result: yes
configure:5177: checking for sys/time.h
configure:5185: result: yes
configure:5058: checking for unistd.h
configure:5064: result: yes
configure:5217: checking termios.h usability
configure:5234: g++ -c -g -O2  conftest.cpp >&5
configure:5240: $? = 0
configure:5254: result: yes
configure:5258: checking termios.h presence
configure:5273: g++ -E  conftest.cpp
configure:5279: $? = 0
configure:5293: result: yes
configure:5326: checking for termios.h
configure:5334: result: yes
configure:5217: checking termio.h usability
configure:5234: g++ -c -g -O2  conftest.cpp >&5
configure:5240: $? = 0
configure:5254: result: yes
configure:5258: checking termio.h presence
configure:5273: g++ -E  conftest.cpp
configure:5279: $? = 0
configure:5293: result: yes
configure:5326: checking for termio.h
configure:5334: result: yes
configure:5217: checking sgtty.h usability
configure:5234: g++ -c -g -O2  conftest.cpp >&5
configure:5240: $? = 0
configure:5254: result: yes
configure:5258: checking sgtty.h presence
configure:5273: g++ -E  conftest.cpp
configure:5279: $? = 0
configure:5293: result: yes
configure:5326: checking for sgtty.h
configure:5334: result: yes
configure:5217: checking ioctl.h usability
configure:5234: g++ -c -g -O2  conftest.cpp >&5
conftest.cpp:68:19: fatal error: ioctl.h: No such file or directory
compilation terminated.
configure:5240: $? = 1
configure: failed program was:
| /* confdefs.h.  */
| #define PACKAGE_NAME "Enhanced CTorrent"
| #define PACKAGE_TARNAME "ctorrent"
| #define PACKAGE_VERSION "dnh3.3.2"
| #define PACKAGE_STRING "Enhanced CTorrent dnh3.3.2"
| #define PACKAGE_BUGREPORT "http://sourceforge.net/projects/dtorrent/ or dholmes@ct.boxmail.com"
| #define PACKAGE "ctorrent"
| #define VERSION "dnh3.3.2"
| #define HAVE_DIRENT_H 1
| #define STDC_HEADERS 1
| #define TIME_WITH_SYS_TIME 1
| #define HAVE_SYS_TYPES_H 1
| #define HAVE_SYS_STAT_H 1
| #define HAVE_STDLIB_H 1
| #define HAVE_STRING_H 1
| #define HAVE_MEMORY_H 1
| #define HAVE_STRINGS_H 1
| #define HAVE_INTTYPES_H 1
| #define HAVE_STDINT_H 1
| #define HAVE_UNISTD_H 1
| #define HAVE_ARPA_INET_H 1
| #define HAVE_FCNTL_H 1
| #define HAVE_LIMITS_H 1
| #define HAVE_MEMORY_H 1
| #define HAVE_NETDB_H 1
| #define HAVE_NETINET_IN_H 1
| #define HAVE_SYS_PARAM_H 1
| #define HAVE_SYS_SOCKET_H 1
| #define HAVE_SYS_TIME_H 1
| #define HAVE_UNISTD_H 1
| #define HAVE_TERMIOS_H 1
| #define HAVE_TERMIO_H 1
| #define HAVE_SGTTY_H 1
| /* end confdefs.h.  */
| #include <stdio.h>
| #ifdef HAVE_SYS_TYPES_H
| # include <sys/types.h>
| #endif
| #ifdef HAVE_SYS_STAT_H
| # include <sys/stat.h>
| #endif
| #ifdef STDC_HEADERS
| # include <stdlib.h>
| # include <stddef.h>
| #else
| # ifdef HAVE_STDLIB_H
| #  include <stdlib.h>
| # endif
| #endif
| #ifdef HAVE_STRING_H
| # if !defined STDC_HEADERS && defined HAVE_MEMORY_H
| #  include <memory.h>
| # endif
| # include <string.h>
| #endif
| #ifdef HAVE_STRINGS_H
| # include <strings.h>
| #endif
| #ifdef HAVE_INTTYPES_H
| # include <inttypes.h>
| #endif
| #ifdef HAVE_STDINT_H
| # include <stdint.h>
| #endif
| #ifdef HAVE_UNISTD_H
| # include <unistd.h>
| #endif
| #include <ioctl.h>
configure:5254: result: no
configure:5258: checking ioctl.h presence
configure:5273: g++ -E  conftest.cpp
conftest.cpp:35:19: fatal error: ioctl.h: No such file or directory
compilation terminated.
configure:5279: $? = 1
configure: failed program was:
| /* confdefs.h.  */
| #define PACKAGE_NAME "Enhanced CTorrent"
| #define PACKAGE_TARNAME "ctorrent"
| #define PACKAGE_VERSION "dnh3.3.2"
| #define PACKAGE_STRING "Enhanced CTorrent dnh3.3.2"
| #define PACKAGE_BUGREPORT "http://sourceforge.net/projects/dtorrent/ or dholmes@ct.boxmail.com"
| #define PACKAGE "ctorrent"
| #define VERSION "dnh3.3.2"
| #define HAVE_DIRENT_H 1
| #define STDC_HEADERS 1
| #define TIME_WITH_SYS_TIME 1
| #define HAVE_SYS_TYPES_H 1
| #define HAVE_SYS_STAT_H 1
| #define HAVE_STDLIB_H 1
| #define HAVE_STRING_H 1
| #define HAVE_MEMORY_H 1
| #define HAVE_STRINGS_H 1
| #define HAVE_INTTYPES_H 1
| #define HAVE_STDINT_H 1
| #define HAVE_UNISTD_H 1
| #define HAVE_ARPA_INET_H 1
| #define HAVE_FCNTL_H 1
| #define HAVE_LIMITS_H 1
| #define HAVE_MEMORY_H 1
| #define HAVE_NETDB_H 1
| #define HAVE_NETINET_IN_H 1
| #define HAVE_SYS_PARAM_H 1
| #define HAVE_SYS_SOCKET_H 1
| #define HAVE_SYS_TIME_H 1
| #define HAVE_UNISTD_H 1
| #define HAVE_TERMIOS_H 1
| #define HAVE_TERMIO_H 1
| #define HAVE_SGTTY_H 1
| /* end confdefs.h.  */
| #include <ioctl.h>
configure:5293: result: no
configure:5326: checking for ioctl.h
configure:5334: result: no
configure:5217: checking sys/ioctl.h usability
configure:5234: g++ -c -g -O2  conftest.cpp >&5
configure:5240: $? = 0
configure:5254: result: yes
configure:5258: checking sys/ioctl.h presence
configure:5273: g++ -E  conftest.cpp
configure:5279: $? = 0
configure:5293: result: yes
configure:5326: checking for sys/ioctl.h
configure:5334: result: yes
configure:5349: checking for an ANSI C-conforming const
configure:5424: g++ -c -g -O2  conftest.cpp >&5
configure:5430: $? = 0
configure:5445: result: yes
configure:5455: checking for inline
configure:5481: g++ -c -g -O2  conftest.cpp >&5
configure:5487: $? = 0
configure:5505: result: inline
configure:5525: checking whether gcc needs -traditional
configure:5567: result: no
configure:5574: checking for size_t
configure:5604: g++ -c -g -O2  conftest.cpp >&5
configure:5610: $? = 0
configure:5625: result: yes
configure:5637: checking for ssize_t
configure:5667: g++ -c -g -O2  conftest.cpp >&5
configure:5673: $? = 0
configure:5688: result: yes
configure:5701: checking for int8_t
configure:5732: g++ -c -g -O2  conftest.cpp >&5
configure:5738: $? = 0
configure:5767: g++ -c -g -O2  conftest.cpp >&5
conftest.cpp: In function 'int main()':
conftest.cpp:73:62: error: size of array 'test_array' is negative
configure:5773: $? = 1
configure: failed program was:
| /* confdefs.h.  */
| #define PACKAGE_NAME "Enhanced CTorrent"
| #define PACKAGE_TARNAME "ctorrent"
| #define PACKAGE_VERSION "dnh3.3.2"
| #define PACKAGE_STRING "Enhanced CTorrent dnh3.3.2"
| #define PACKAGE_BUGREPORT "http://sourceforge.net/projects/dtorrent/ or dholmes@ct.boxmail.com"
| #define PACKAGE "ctorrent"
| #define VERSION "dnh3.3.2"
| #define HAVE_DIRENT_H 1
| #define STDC_HEADERS 1
| #define TIME_WITH_SYS_TIME 1
| #define HAVE_SYS_TYPES_H 1
| #define HAVE_SYS_STAT_H 1
| #define HAVE_STDLIB_H 1
| #define HAVE_STRING_H 1
| #define HAVE_MEMORY_H 1
| #define HAVE_STRINGS_H 1
| #define HAVE_INTTYPES_H 1
| #define HAVE_STDINT_H 1
| #define HAVE_UNISTD_H 1
| #define HAVE_ARPA_INET_H 1
| #define HAVE_FCNTL_H 1
| #define HAVE_LIMITS_H 1
| #define HAVE_MEMORY_H 1
| #define HAVE_NETDB_H 1
| #define HAVE_NETINET_IN_H 1
| #define HAVE_SYS_PARAM_H 1
| #define HAVE_SYS_SOCKET_H 1
| #define HAVE_SYS_TIME_H 1
| #define HAVE_UNISTD_H 1
| #define HAVE_TERMIOS_H 1
| #define HAVE_TERMIO_H 1
| #define HAVE_SGTTY_H 1
| #define HAVE_SYS_IOCTL_H 1
| /* end confdefs.h.  */
| #include <stdio.h>
| #ifdef HAVE_SYS_TYPES_H
| # include <sys/types.h>
| #endif
| #ifdef HAVE_SYS_STAT_H
| # include <sys/stat.h>
| #endif
| #ifdef STDC_HEADERS
| # include <stdlib.h>
| # include <stddef.h>
| #else
| # ifdef HAVE_STDLIB_H
| #  include <stdlib.h>
| # endif
| #endif
| #ifdef HAVE_STRING_H
| # if !defined STDC_HEADERS && defined HAVE_MEMORY_H
| #  include <memory.h>
| # endif
| # include <string.h>
| #endif
| #ifdef HAVE_STRINGS_H
| # include <strings.h>
| #endif
| #ifdef HAVE_INTTYPES_H
| # include <inttypes.h>
| #endif
| #ifdef HAVE_STDINT_H
| # include <stdint.h>
| #endif
| #ifdef HAVE_UNISTD_H
| # include <unistd.h>
| #endif
| int
| main ()
| {
| static int test_array [1 - 2 * !((int8_t) ((((int8_t) 1 << (8 - 2)) - 1) * 2 + 1)
| 	         < (int8_t) ((((int8_t) 1 << (8 - 2)) - 1) * 2 + 2))];
| test_array [0] = 0
| 
|   ;
|   return 0;
| }
configure:5802: result: yes
configure:5815: checking for int16_t
configure:5846: g++ -c -g -O2  conftest.cpp >&5
configure:5852: $? = 0
configure:5881: g++ -c -g -O2  conftest.cpp >&5
conftest.cpp: In function 'int main()':
conftest.cpp:73:65: error: size of array 'test_array' is negative
configure:5887: $? = 1
configure: failed program was:
| /* confdefs.h.  */
| #define PACKAGE_NAME "Enhanced CTorrent"
| #define PACKAGE_TARNAME "ctorrent"
| #define PACKAGE_VERSION "dnh3.3.2"
| #define PACKAGE_STRING "Enhanced CTorrent dnh3.3.2"
| #define PACKAGE_BUGREPORT "http://sourceforge.net/projects/dtorrent/ or dholmes@ct.boxmail.com"
| #define PACKAGE "ctorrent"
| #define VERSION "dnh3.3.2"
| #define HAVE_DIRENT_H 1
| #define STDC_HEADERS 1
| #define TIME_WITH_SYS_TIME 1
| #define HAVE_SYS_TYPES_H 1
| #define HAVE_SYS_STAT_H 1
| #define HAVE_STDLIB_H 1
| #define HAVE_STRING_H 1
| #define HAVE_MEMORY_H 1
| #define HAVE_STRINGS_H 1
| #define HAVE_INTTYPES_H 1
| #define HAVE_STDINT_H 1
| #define HAVE_UNISTD_H 1
| #define HAVE_ARPA_INET_H 1
| #define HAVE_FCNTL_H 1
| #define HAVE_LIMITS_H 1
| #define HAVE_MEMORY_H 1
| #define HAVE_NETDB_H 1
| #define HAVE_NETINET_IN_H 1
| #define HAVE_SYS_PARAM_H 1
| #define HAVE_SYS_SOCKET_H 1
| #define HAVE_SYS_TIME_H 1
| #define HAVE_UNISTD_H 1
| #define HAVE_TERMIOS_H 1
| #define HAVE_TERMIO_H 1
| #define HAVE_SGTTY_H 1
| #define HAVE_SYS_IOCTL_H 1
| /* end confdefs.h.  */
| #include <stdio.h>
| #ifdef HAVE_SYS_TYPES_H
| # include <sys/types.h>
| #endif
| #ifdef HAVE_SYS_STAT_H
| # include <sys/stat.h>
| #endif
| #ifdef STDC_HEADERS
| # include <stdlib.h>
| # include <stddef.h>
| #else
| # ifdef HAVE_STDLIB_H
| #  include <stdlib.h>
| # endif
| #endif
| #ifdef HAVE_STRING_H
| # if !defined STDC_HEADERS && defined HAVE_MEMORY_H
| #  include <memory.h>
| # endif
| # include <string.h>
| #endif
| #ifdef HAVE_STRINGS_H
| # include <strings.h>
| #endif
| #ifdef HAVE_INTTYPES_H
| # include <inttypes.h>
| #endif
| #ifdef HAVE_STDINT_H
| # include <stdint.h>
| #endif
| #ifdef HAVE_UNISTD_H
| # include <unistd.h>
| #endif
| int
| main ()
| {
| static int test_array [1 - 2 * !((int16_t) ((((int16_t) 1 << (16 - 2)) - 1) * 2 + 1)
| 	         < (int16_t) ((((int16_t) 1 << (16 - 2)) - 1) * 2 + 2))];
| test_array [0] = 0
| 
|   ;
|   return 0;
| }
configure:5916: result: yes
configure:5929: checking for int32_t
configure:5960: g++ -c -g -O2  conftest.cpp >&5
configure:5966: $? = 0
configure:5995: g++ -c -g -O2  conftest.cpp >&5
conftest.cpp: In function 'int main()':
conftest.cpp:73:62: warning: integer overflow in expression [-Woverflow]
conftest.cpp:73:65: error: size of array 'test_array' is negative
configure:6001: $? = 1
configure: failed program was:
| /* confdefs.h.  */
| #define PACKAGE_NAME "Enhanced CTorrent"
| #define PACKAGE_TARNAME "ctorrent"
| #define PACKAGE_VERSION "dnh3.3.2"
| #define PACKAGE_STRING "Enhanced CTorrent dnh3.3.2"
| #define PACKAGE_BUGREPORT "http://sourceforge.net/projects/dtorrent/ or dholmes@ct.boxmail.com"
| #define PACKAGE "ctorrent"
| #define VERSION "dnh3.3.2"
| #define HAVE_DIRENT_H 1
| #define STDC_HEADERS 1
| #define TIME_WITH_SYS_TIME 1
| #define HAVE_SYS_TYPES_H 1
| #define HAVE_SYS_STAT_H 1
| #define HAVE_STDLIB_H 1
| #define HAVE_STRING_H 1
| #define HAVE_MEMORY_H 1
| #define HAVE_STRINGS_H 1
| #define HAVE_INTTYPES_H 1
| #define HAVE_STDINT_H 1
| #define HAVE_UNISTD_H 1
| #define HAVE_ARPA_INET_H 1
| #define HAVE_FCNTL_H 1
| #define HAVE_LIMITS_H 1
| #define HAVE_MEMORY_H 1
| #define HAVE_NETDB_H 1
| #define HAVE_NETINET_IN_H 1
| #define HAVE_SYS_PARAM_H 1
| #define HAVE_SYS_SOCKET_H 1
| #define HAVE_SYS_TIME_H 1
| #define HAVE_UNISTD_H 1
| #define HAVE_TERMIOS_H 1
| #define HAVE_TERMIO_H 1
| #define HAVE_SGTTY_H 1
| #define HAVE_SYS_IOCTL_H 1
| /* end confdefs.h.  */
| #include <stdio.h>
| #ifdef HAVE_SYS_TYPES_H
| # include <sys/types.h>
| #endif
| #ifdef HAVE_SYS_STAT_H
| # include <sys/stat.h>
| #endif
| #ifdef STDC_HEADERS
| # include <stdlib.h>
| # include <stddef.h>
| #else
| # ifdef HAVE_STDLIB_H
| #  include <stdlib.h>
| # endif
| #endif
| #ifdef HAVE_STRING_H
| # if !defined STDC_HEADERS && defined HAVE_MEMORY_H
| #  include <memory.h>
| # endif
| # include <string.h>
| #endif
| #ifdef HAVE_STRINGS_H
| # include <strings.h>
| #endif
| #ifdef HAVE_INTTYPES_H
| # include <inttypes.h>
| #endif
| #ifdef HAVE_STDINT_H
| # include <stdint.h>
| #endif
| #ifdef HAVE_UNISTD_H
| # include <unistd.h>
| #endif
| int
| main ()
| {
| static int test_array [1 - 2 * !((int32_t) ((((int32_t) 1 << (32 - 2)) - 1) * 2 + 1)
| 	         < (int32_t) ((((int32_t) 1 << (32 - 2)) - 1) * 2 + 2))];
| test_array [0] = 0
| 
|   ;
|   return 0;
| }
configure:6030: result: yes
configure:6043: checking for int64_t
configure:6074: g++ -c -g -O2  conftest.cpp >&5
configure:6080: $? = 0
configure:6109: g++ -c -g -O2  conftest.cpp >&5
conftest.cpp: In function 'int main()':
conftest.cpp:73:62: warning: integer overflow in expression [-Woverflow]
conftest.cpp:73:65: error: size of array 'test_array' is negative
configure:6115: $? = 1
configure: failed program was:
| /* confdefs.h.  */
| #define PACKAGE_NAME "Enhanced CTorrent"
| #define PACKAGE_TARNAME "ctorrent"
| #define PACKAGE_VERSION "dnh3.3.2"
| #define PACKAGE_STRING "Enhanced CTorrent dnh3.3.2"
| #define PACKAGE_BUGREPORT "http://sourceforge.net/projects/dtorrent/ or dholmes@ct.boxmail.com"
| #define PACKAGE "ctorrent"
| #define VERSION "dnh3.3.2"
| #define HAVE_DIRENT_H 1
| #define STDC_HEADERS 1
| #define TIME_WITH_SYS_TIME 1
| #define HAVE_SYS_TYPES_H 1
| #define HAVE_SYS_STAT_H 1
| #define HAVE_STDLIB_H 1
| #define HAVE_STRING_H 1
| #define HAVE_MEMORY_H 1
| #define HAVE_STRINGS_H 1
| #define HAVE_INTTYPES_H 1
| #define HAVE_STDINT_H 1
| #define HAVE_UNISTD_H 1
| #define HAVE_ARPA_INET_H 1
| #define HAVE_FCNTL_H 1
| #define HAVE_LIMITS_H 1
| #define HAVE_MEMORY_H 1
| #define HAVE_NETDB_H 1
| #define HAVE_NETINET_IN_H 1
| #define HAVE_SYS_PARAM_H 1
| #define HAVE_SYS_SOCKET_H 1
| #define HAVE_SYS_TIME_H 1
| #define HAVE_UNISTD_H 1
| #define HAVE_TERMIOS_H 1
| #define HAVE_TERMIO_H 1
| #define HAVE_SGTTY_H 1
| #define HAVE_SYS_IOCTL_H 1
| /* end confdefs.h.  */
| #include <stdio.h>
| #ifdef HAVE_SYS_TYPES_H
| # include <sys/types.h>
| #endif
| #ifdef HAVE_SYS_STAT_H
| # include <sys/stat.h>
| #endif
| #ifdef STDC_HEADERS
| # include <stdlib.h>
| # include <stddef.h>
| #else
| # ifdef HAVE_STDLIB_H
| #  include <stdlib.h>
| # endif
| #endif
| #ifdef HAVE_STRING_H
| # if !defined STDC_HEADERS && defined HAVE_MEMORY_H
| #  include <memory.h>
| # endif
| # include <string.h>
| #endif
| #ifdef HAVE_STRINGS_H
| # include <strings.h>
| #endif
| #ifdef HAVE_INTTYPES_H
| # include <inttypes.h>
| #endif
| #ifdef HAVE_STDINT_H
| # include <stdint.h>
| #endif
| #ifdef HAVE_UNISTD_H
| # include <unistd.h>
| #endif
| int
| main ()
| {
| static int test_array [1 - 2 * !((int64_t) ((((int64_t) 1 << (64 - 2)) - 1) * 2 + 1)
| 	         < (int64_t) ((((int64_t) 1 << (64 - 2)) - 1) * 2 + 2))];
| test_array [0] = 0
| 
|   ;
|   return 0;
| }
configure:6144: result: yes
configure:6157: checking for uint8_t
configure:6188: g++ -c -g -O2  conftest.cpp >&5
configure:6194: $? = 0
configure:6215: result: yes
configure:6233: checking for uint16_t
configure:6264: g++ -c -g -O2  conftest.cpp >&5
configure:6270: $? = 0
configure:6291: result: yes
configure:6305: checking for uint32_t
configure:6336: g++ -c -g -O2  conftest.cpp >&5
configure:6342: $? = 0
configure:6363: result: yes
configure:6381: checking for uint64_t
configure:6412: g++ -c -g -O2  conftest.cpp >&5
configure:6418: $? = 0
configure:6439: result: yes
configure:6456: checking for clockid_t
configure:6486: g++ -c -g -O2  conftest.cpp >&5
configure:6492: $? = 0
configure:6507: result: yes
configure:6517: checking whether INADDR_NONE is declared
configure:6548: g++ -c -g -O2  conftest.cpp >&5
configure:6554: $? = 0
configure:6569: result: yes
configure:6581: checking whether byte ordering is bigendian
configure:6614: g++ -c -g -O2  conftest.cpp >&5
configure:6620: $? = 0
configure:6652: g++ -c -g -O2  conftest.cpp >&5
conftest.cpp: In function 'int main()':
conftest.cpp:44:6: error: 'big' was not declared in this scope
conftest.cpp:44:10: error: expected ';' before 'endian'
configure:6658: $? = 1
configure: failed program was:
| /* confdefs.h.  */
| #define PACKAGE_NAME "Enhanced CTorrent"
| #define PACKAGE_TARNAME "ctorrent"
| #define PACKAGE_VERSION "dnh3.3.2"
| #define PACKAGE_STRING "Enhanced CTorrent dnh3.3.2"
| #define PACKAGE_BUGREPORT "http://sourceforge.net/projects/dtorrent/ or dholmes@ct.boxmail.com"
| #define PACKAGE "ctorrent"
| #define VERSION "dnh3.3.2"
| #define HAVE_DIRENT_H 1
| #define STDC_HEADERS 1
| #define TIME_WITH_SYS_TIME 1
| #define HAVE_SYS_TYPES_H 1
| #define HAVE_SYS_STAT_H 1
| #define HAVE_STDLIB_H 1
| #define HAVE_STRING_H 1
| #define HAVE_MEMORY_H 1
| #define HAVE_STRINGS_H 1
| #define HAVE_INTTYPES_H 1
| #define HAVE_STDINT_H 1
| #define HAVE_UNISTD_H 1
| #define HAVE_ARPA_INET_H 1
| #define HAVE_FCNTL_H 1
| #define HAVE_LIMITS_H 1
| #define HAVE_MEMORY_H 1
| #define HAVE_NETDB_H 1
| #define HAVE_NETINET_IN_H 1
| #define HAVE_SYS_PARAM_H 1
| #define HAVE_SYS_SOCKET_H 1
| #define HAVE_SYS_TIME_H 1
| #define HAVE_UNISTD_H 1
| #define HAVE_TERMIOS_H 1
| #define HAVE_TERMIO_H 1
| #define HAVE_SGTTY_H 1
| #define HAVE_SYS_IOCTL_H 1
| #define HAVE_CLOCKID_T 1
| /* end confdefs.h.  */
| #include <sys/types.h>
| #include <sys/param.h>
| 
| int
| main ()
| {
| #if BYTE_ORDER != BIG_ENDIAN
|  not big endian
| #endif
| 
|   ;
|   return 0;
| }
configure:6798: result: no
configure:6819: checking for working memcmp
configure:6872: g++ -o conftest -g -O2   conftest.cpp -lrt  >&5
configure:6875: $? = 0
configure:6881: ./conftest
configure:6884: $? = 0
configure:6900: result: yes
configure:6909: checking return type of signal handlers
configure:6937: g++ -c -g -O2  conftest.cpp >&5
conftest.cpp: In function 'int main()':
conftest.cpp:43:27: error: void value not ignored as it ought to be
configure:6943: $? = 1
configure: failed program was:
| /* confdefs.h.  */
| #define PACKAGE_NAME "Enhanced CTorrent"
| #define PACKAGE_TARNAME "ctorrent"
| #define PACKAGE_VERSION "dnh3.3.2"
| #define PACKAGE_STRING "Enhanced CTorrent dnh3.3.2"
| #define PACKAGE_BUGREPORT "http://sourceforge.net/projects/dtorrent/ or dholmes@ct.boxmail.com"
| #define PACKAGE "ctorrent"
| #define VERSION "dnh3.3.2"
| #define HAVE_DIRENT_H 1
| #define STDC_HEADERS 1
| #define TIME_WITH_SYS_TIME 1
| #define HAVE_SYS_TYPES_H 1
| #define HAVE_SYS_STAT_H 1
| #define HAVE_STDLIB_H 1
| #define HAVE_STRING_H 1
| #define HAVE_MEMORY_H 1
| #define HAVE_STRINGS_H 1
| #define HAVE_INTTYPES_H 1
| #define HAVE_STDINT_H 1
| #define HAVE_UNISTD_H 1
| #define HAVE_ARPA_INET_H 1
| #define HAVE_FCNTL_H 1
| #define HAVE_LIMITS_H 1
| #define HAVE_MEMORY_H 1
| #define HAVE_NETDB_H 1
| #define HAVE_NETINET_IN_H 1
| #define HAVE_SYS_PARAM_H 1
| #define HAVE_SYS_SOCKET_H 1
| #define HAVE_SYS_TIME_H 1
| #define HAVE_UNISTD_H 1
| #define HAVE_TERMIOS_H 1
| #define HAVE_TERMIO_H 1
| #define HAVE_SGTTY_H 1
| #define HAVE_SYS_IOCTL_H 1
| #define HAVE_CLOCKID_T 1
| /* end confdefs.h.  */
| #include <sys/types.h>
| #include <signal.h>
| 
| int
| main ()
| {
| return *(signal (0, 0)) (0) == 1;
|   ;
|   return 0;
| }
configure:6958: result: void
configure:6966: checking whether lstat dereferences a symlink specified with a trailing slash
configure:7002: g++ -o conftest -g -O2   conftest.cpp -lrt  >&5
configure:7005: $? = 0
configure:7011: ./conftest
configure:7014: $? = 0
configure:7037: result: yes
configure:7056: checking whether stat accepts an empty string
configure:7086: g++ -o conftest -g -O2   conftest.cpp -lrt  >&5
configure:7089: $? = 0
configure:7095: ./conftest
configure:7098: $? = 0
configure:7114: result: no
configure:7130: checking for working strtod
configure:7181: g++ -o conftest -g -O2   conftest.cpp -lrt  >&5
conftest.cpp: In function 'int main()':
conftest.cpp:81:20: warning: deprecated conversion from string constant to 'char*' [-Wwrite-strings]
conftest.cpp:92:20: warning: deprecated conversion from string constant to 'char*' [-Wwrite-strings]
configure:7184: $? = 0
configure:7190: ./conftest
configure:7193: $? = 0
configure:7209: result: yes
configure:7398: checking for clock_gettime
configure:7454: g++ -o conftest -g -O2   conftest.cpp -lrt  >&5
configure:7460: $? = 0
configure:7478: result: yes
configure:7398: checking for ftruncate
configure:7454: g++ -o conftest -g -O2   conftest.cpp -lrt  >&5
configure:7460: $? = 0
configure:7478: result: yes
configure:7398: checking for gethostbyname
configure:7454: g++ -o conftest -g -O2   conftest.cpp -lrt  >&5
configure:7460: $? = 0
configure:7478: result: yes
configure:7398: checking for gettimeofday
configure:7454: g++ -o conftest -g -O2   conftest.cpp -lrt  >&5
configure:7460: $? = 0
configure:7478: result: yes
configure:7398: checking for getwd
configure:7454: g++ -o conftest -g -O2   conftest.cpp -lrt  >&5
configure:7460: $? = 0
configure:7478: result: yes
configure:7398: checking for inet_ntoa
configure:7454: g++ -o conftest -g -O2   conftest.cpp -lrt  >&5
configure:7460: $? = 0
configure:7478: result: yes
configure:7398: checking for memchr
configure:7454: g++ -o conftest -g -O2   conftest.cpp -lrt  >&5
configure:7460: $? = 0
configure:7478: result: yes
configure:7398: checking for memmove
configure:7454: g++ -o conftest -g -O2   conftest.cpp -lrt  >&5
configure:7460: $? = 0
configure:7478: result: yes
configure:7398: checking for memset
configure:7454: g++ -o conftest -g -O2   conftest.cpp -lrt  >&5
configure:7460: $? = 0
configure:7478: result: yes
configure:7398: checking for mkdir
configure:7454: g++ -o conftest -g -O2   conftest.cpp -lrt  >&5
configure:7460: $? = 0
configure:7478: result: yes
configure:7398: checking for random
configure:7454: g++ -o conftest -g -O2   conftest.cpp -lrt  >&5
configure:7460: $? = 0
configure:7478: result: yes
configure:7398: checking for select
configure:7454: g++ -o conftest -g -O2   conftest.cpp -lrt  >&5
configure:7460: $? = 0
configure:7478: result: yes
configure:7398: checking for snprintf
configure:7454: g++ -o conftest -g -O2   conftest.cpp -lrt  >&5
configure:7460: $? = 0
configure:7478: result: yes
configure:7398: checking for socket
configure:7454: g++ -o conftest -g -O2   conftest.cpp -lrt  >&5
configure:7460: $? = 0
configure:7478: result: yes
configure:7398: checking for strerror
configure:7454: g++ -o conftest -g -O2   conftest.cpp -lrt  >&5
configure:7460: $? = 0
configure:7478: result: yes
configure:7398: checking for strcasecmp
configure:7454: g++ -o conftest -g -O2   conftest.cpp -lrt  >&5
configure:7460: $? = 0
configure:7478: result: yes
configure:7398: checking for strncasecmp
configure:7454: g++ -o conftest -g -O2   conftest.cpp -lrt  >&5
configure:7460: $? = 0
configure:7478: result: yes
configure:7398: checking for strtol
configure:7454: g++ -o conftest -g -O2   conftest.cpp -lrt  >&5
configure:7460: $? = 0
configure:7478: result: yes
configure:7398: checking for strtoll
configure:7454: g++ -o conftest -g -O2   conftest.cpp -lrt  >&5
configure:7460: $? = 0
configure:7478: result: yes
configure:7398: checking for strnstr
configure:7454: g++ -o conftest -g -O2   conftest.cpp -lrt  >&5
/tmp/ccfrjL74.o: In function `main':
/home/smalik/Downloads/arm/ctorrent/ctorrent-dnh3.3.2/conftest.cpp:92: undefined reference to `strnstr'
collect2: ld returned 1 exit status
configure:7460: $? = 1
configure: failed program was:
| /* confdefs.h.  */
| #define PACKAGE_NAME "Enhanced CTorrent"
| #define PACKAGE_TARNAME "ctorrent"
| #define PACKAGE_VERSION "dnh3.3.2"
| #define PACKAGE_STRING "Enhanced CTorrent dnh3.3.2"
| #define PACKAGE_BUGREPORT "http://sourceforge.net/projects/dtorrent/ or dholmes@ct.boxmail.com"
| #define PACKAGE "ctorrent"
| #define VERSION "dnh3.3.2"
| #define HAVE_DIRENT_H 1
| #define STDC_HEADERS 1
| #define TIME_WITH_SYS_TIME 1
| #define HAVE_SYS_TYPES_H 1
| #define HAVE_SYS_STAT_H 1
| #define HAVE_STDLIB_H 1
| #define HAVE_STRING_H 1
| #define HAVE_MEMORY_H 1
| #define HAVE_STRINGS_H 1
| #define HAVE_INTTYPES_H 1
| #define HAVE_STDINT_H 1
| #define HAVE_UNISTD_H 1
| #define HAVE_ARPA_INET_H 1
| #define HAVE_FCNTL_H 1
| #define HAVE_LIMITS_H 1
| #define HAVE_MEMORY_H 1
| #define HAVE_NETDB_H 1
| #define HAVE_NETINET_IN_H 1
| #define HAVE_SYS_PARAM_H 1
| #define HAVE_SYS_SOCKET_H 1
| #define HAVE_SYS_TIME_H 1
| #define HAVE_UNISTD_H 1
| #define HAVE_TERMIOS_H 1
| #define HAVE_TERMIO_H 1
| #define HAVE_SGTTY_H 1
| #define HAVE_SYS_IOCTL_H 1
| #define HAVE_CLOCKID_T 1
| #define RETSIGTYPE void
| #define LSTAT_FOLLOWS_SLASHED_SYMLINK 1
| #define HAVE_CLOCK_GETTIME 1
| #define HAVE_FTRUNCATE 1
| #define HAVE_GETHOSTBYNAME 1
| #define HAVE_GETTIMEOFDAY 1
| #define HAVE_GETWD 1
| #define HAVE_INET_NTOA 1
| #define HAVE_MEMCHR 1
| #define HAVE_MEMMOVE 1
| #define HAVE_MEMSET 1
| #define HAVE_MKDIR 1
| #define HAVE_RANDOM 1
| #define HAVE_SELECT 1
| #define HAVE_SNPRINTF 1
| #define HAVE_SOCKET 1
| #define HAVE_STRERROR 1
| #define HAVE_STRCASECMP 1
| #define HAVE_STRNCASECMP 1
| #define HAVE_STRTOL 1
| #define HAVE_STRTOLL 1
| /* end confdefs.h.  */
| /* Define strnstr to an innocuous variant, in case <limits.h> declares strnstr.
|    For example, HP-UX 11i <limits.h> declares gettimeofday.  */
| #define strnstr innocuous_strnstr
| 
| /* System header to define __stub macros and hopefully few prototypes,
|     which can conflict with char strnstr (); below.
|     Prefer <limits.h> to <assert.h> if __STDC__ is defined, since
|     <limits.h> exists even on freestanding compilers.  */
| 
| #ifdef __STDC__
| # include <limits.h>
| #else
| # include <assert.h>
| #endif
| 
| #undef strnstr
| 
| /* Override any GCC internal prototype to avoid an error.
|    Use char because int might match the return type of a GCC
|    builtin and then its argument prototype would still apply.  */
| #ifdef __cplusplus
| extern "C"
| #endif
| char strnstr ();
| /* The GNU C library defines this for functions which it implements
|     to always fail with ENOSYS.  Some functions are actually named
|     something starting with __ and the normal name is an alias.  */
| #if defined __stub_strnstr || defined __stub___strnstr
| choke me
| #endif
| 
| int
| main ()
| {
| return strnstr ();
|   ;
|   return 0;
| }
configure:7478: result: no
configure:7398: checking for system
configure:7454: g++ -o conftest -g -O2   conftest.cpp -lrt  >&5
configure:7460: $? = 0
configure:7478: result: yes
configure:7398: checking for vsnprintf
configure:7454: g++ -o conftest -g -O2   conftest.cpp -lrt  >&5
configure:7460: $? = 0
configure:7478: result: yes
configure:7488: checking for pid_t
configure:7518: g++ -c -g -O2  conftest.cpp >&5
configure:7524: $? = 0
configure:7539: result: yes
configure:7566: checking vfork.h usability
configure:7583: g++ -c -g -O2  conftest.cpp >&5
conftest.cpp:93:19: fatal error: vfork.h: No such file or directory
compilation terminated.
configure:7589: $? = 1
configure: failed program was:
| /* confdefs.h.  */
| #define PACKAGE_NAME "Enhanced CTorrent"
| #define PACKAGE_TARNAME "ctorrent"
| #define PACKAGE_VERSION "dnh3.3.2"
| #define PACKAGE_STRING "Enhanced CTorrent dnh3.3.2"
| #define PACKAGE_BUGREPORT "http://sourceforge.net/projects/dtorrent/ or dholmes@ct.boxmail.com"
| #define PACKAGE "ctorrent"
| #define VERSION "dnh3.3.2"
| #define HAVE_DIRENT_H 1
| #define STDC_HEADERS 1
| #define TIME_WITH_SYS_TIME 1
| #define HAVE_SYS_TYPES_H 1
| #define HAVE_SYS_STAT_H 1
| #define HAVE_STDLIB_H 1
| #define HAVE_STRING_H 1
| #define HAVE_MEMORY_H 1
| #define HAVE_STRINGS_H 1
| #define HAVE_INTTYPES_H 1
| #define HAVE_STDINT_H 1
| #define HAVE_UNISTD_H 1
| #define HAVE_ARPA_INET_H 1
| #define HAVE_FCNTL_H 1
| #define HAVE_LIMITS_H 1
| #define HAVE_MEMORY_H 1
| #define HAVE_NETDB_H 1
| #define HAVE_NETINET_IN_H 1
| #define HAVE_SYS_PARAM_H 1
| #define HAVE_SYS_SOCKET_H 1
| #define HAVE_SYS_TIME_H 1
| #define HAVE_UNISTD_H 1
| #define HAVE_TERMIOS_H 1
| #define HAVE_TERMIO_H 1
| #define HAVE_SGTTY_H 1
| #define HAVE_SYS_IOCTL_H 1
| #define HAVE_CLOCKID_T 1
| #define RETSIGTYPE void
| #define LSTAT_FOLLOWS_SLASHED_SYMLINK 1
| #define HAVE_CLOCK_GETTIME 1
| #define HAVE_FTRUNCATE 1
| #define HAVE_GETHOSTBYNAME 1
| #define HAVE_GETTIMEOFDAY 1
| #define HAVE_GETWD 1
| #define HAVE_INET_NTOA 1
| #define HAVE_MEMCHR 1
| #define HAVE_MEMMOVE 1
| #define HAVE_MEMSET 1
| #define HAVE_MKDIR 1
| #define HAVE_RANDOM 1
| #define HAVE_SELECT 1
| #define HAVE_SNPRINTF 1
| #define HAVE_SOCKET 1
| #define HAVE_STRERROR 1
| #define HAVE_STRCASECMP 1
| #define HAVE_STRNCASECMP 1
| #define HAVE_STRTOL 1
| #define HAVE_STRTOLL 1
| #define HAVE_SYSTEM 1
| #define HAVE_VSNPRINTF 1
| /* end confdefs.h.  */
| #include <stdio.h>
| #ifdef HAVE_SYS_TYPES_H
| # include <sys/types.h>
| #endif
| #ifdef HAVE_SYS_STAT_H
| # include <sys/stat.h>
| #endif
| #ifdef STDC_HEADERS
| # include <stdlib.h>
| # include <stddef.h>
| #else
| # ifdef HAVE_STDLIB_H
| #  include <stdlib.h>
| # endif
| #endif
| #ifdef HAVE_STRING_H
| # if !defined STDC_HEADERS && defined HAVE_MEMORY_H
| #  include <memory.h>
| # endif
| # include <string.h>
| #endif
| #ifdef HAVE_STRINGS_H
| # include <strings.h>
| #endif
| #ifdef HAVE_INTTYPES_H
| # include <inttypes.h>
| #endif
| #ifdef HAVE_STDINT_H
| # include <stdint.h>
| #endif
| #ifdef HAVE_UNISTD_H
| # include <unistd.h>
| #endif
| #include <vfork.h>
configure:7603: result: no
configure:7607: checking vfork.h presence
configure:7622: g++ -E  conftest.cpp
conftest.cpp:60:19: fatal error: vfork.h: No such file or directory
compilation terminated.
configure:7628: $? = 1
configure: failed program was:
| /* confdefs.h.  */
| #define PACKAGE_NAME "Enhanced CTorrent"
| #define PACKAGE_TARNAME "ctorrent"
| #define PACKAGE_VERSION "dnh3.3.2"
| #define PACKAGE_STRING "Enhanced CTorrent dnh3.3.2"
| #define PACKAGE_BUGREPORT "http://sourceforge.net/projects/dtorrent/ or dholmes@ct.boxmail.com"
| #define PACKAGE "ctorrent"
| #define VERSION "dnh3.3.2"
| #define HAVE_DIRENT_H 1
| #define STDC_HEADERS 1
| #define TIME_WITH_SYS_TIME 1
| #define HAVE_SYS_TYPES_H 1
| #define HAVE_SYS_STAT_H 1
| #define HAVE_STDLIB_H 1
| #define HAVE_STRING_H 1
| #define HAVE_MEMORY_H 1
| #define HAVE_STRINGS_H 1
| #define HAVE_INTTYPES_H 1
| #define HAVE_STDINT_H 1
| #define HAVE_UNISTD_H 1
| #define HAVE_ARPA_INET_H 1
| #define HAVE_FCNTL_H 1
| #define HAVE_LIMITS_H 1
| #define HAVE_MEMORY_H 1
| #define HAVE_NETDB_H 1
| #define HAVE_NETINET_IN_H 1
| #define HAVE_SYS_PARAM_H 1
| #define HAVE_SYS_SOCKET_H 1
| #define HAVE_SYS_TIME_H 1
| #define HAVE_UNISTD_H 1
| #define HAVE_TERMIOS_H 1
| #define HAVE_TERMIO_H 1
| #define HAVE_SGTTY_H 1
| #define HAVE_SYS_IOCTL_H 1
| #define HAVE_CLOCKID_T 1
| #define RETSIGTYPE void
| #define LSTAT_FOLLOWS_SLASHED_SYMLINK 1
| #define HAVE_CLOCK_GETTIME 1
| #define HAVE_FTRUNCATE 1
| #define HAVE_GETHOSTBYNAME 1
| #define HAVE_GETTIMEOFDAY 1
| #define HAVE_GETWD 1
| #define HAVE_INET_NTOA 1
| #define HAVE_MEMCHR 1
| #define HAVE_MEMMOVE 1
| #define HAVE_MEMSET 1
| #define HAVE_MKDIR 1
| #define HAVE_RANDOM 1
| #define HAVE_SELECT 1
| #define HAVE_SNPRINTF 1
| #define HAVE_SOCKET 1
| #define HAVE_STRERROR 1
| #define HAVE_STRCASECMP 1
| #define HAVE_STRNCASECMP 1
| #define HAVE_STRTOL 1
| #define HAVE_STRTOLL 1
| #define HAVE_SYSTEM 1
| #define HAVE_VSNPRINTF 1
| /* end confdefs.h.  */
| #include <vfork.h>
configure:7642: result: no
configure:7675: checking for vfork.h
configure:7683: result: no
configure:7701: checking for fork
configure:7757: g++ -o conftest -g -O2   conftest.cpp -lrt  >&5
configure:7763: $? = 0
configure:7781: result: yes
configure:7701: checking for vfork
configure:7757: g++ -o conftest -g -O2   conftest.cpp -lrt  >&5
configure:7763: $? = 0
configure:7781: result: yes
configure:7792: checking for working fork
configure:7824: g++ -o conftest -g -O2   conftest.cpp -lrt  >&5
configure:7827: $? = 0
configure:7833: ./conftest
configure:7836: $? = 0
configure:7852: result: yes
configure:7873: checking for working vfork
configure:8011: result: yes
configure:8051: checking for special C compiler options needed for large files
configure:8144: result: no
configure:8150: checking for _FILE_OFFSET_BITS value needed for large files
configure:8185: g++ -c -g -O2  conftest.cpp >&5
configure:8191: $? = 0
configure:8259: result: no
configure:8394: checking for _LARGEFILE_SOURCE value needed for large files
configure:8421: g++ -o conftest -g -O2   conftest.cpp -lrt  >&5
configure:8427: $? = 0
configure:8491: result: no
configure:8516: checking POSIX termios
configure:8546: g++ -o conftest -g -O2   conftest.cpp -lrt  >&5
configure:8552: $? = 0
configure:8569: result: yes
configure:8578: checking whether termios.h defines TIOCGWINSZ
configure:8605: result: no
configure:8609: checking whether sys/ioctl.h defines TIOCGWINSZ
configure:8636: result: yes
configure:8996: checking for library containing SHA1_Init
configure:9037: g++ -o conftest -g -O2   conftest.cpp -lrt  >&5
/tmp/cc2Dix84.o: In function `main':
/home/smalik/Downloads/arm/ctorrent/ctorrent-dnh3.3.2/conftest.cpp:78: undefined reference to `SHA1_Init'
collect2: ld returned 1 exit status
configure:9043: $? = 1
configure: failed program was:
| /* confdefs.h.  */
| #define PACKAGE_NAME "Enhanced CTorrent"
| #define PACKAGE_TARNAME "ctorrent"
| #define PACKAGE_VERSION "dnh3.3.2"
| #define PACKAGE_STRING "Enhanced CTorrent dnh3.3.2"
| #define PACKAGE_BUGREPORT "http://sourceforge.net/projects/dtorrent/ or dholmes@ct.boxmail.com"
| #define PACKAGE "ctorrent"
| #define VERSION "dnh3.3.2"
| #define HAVE_DIRENT_H 1
| #define STDC_HEADERS 1
| #define TIME_WITH_SYS_TIME 1
| #define HAVE_SYS_TYPES_H 1
| #define HAVE_SYS_STAT_H 1
| #define HAVE_STDLIB_H 1
| #define HAVE_STRING_H 1
| #define HAVE_MEMORY_H 1
| #define HAVE_STRINGS_H 1
| #define HAVE_INTTYPES_H 1
| #define HAVE_STDINT_H 1
| #define HAVE_UNISTD_H 1
| #define HAVE_ARPA_INET_H 1
| #define HAVE_FCNTL_H 1
| #define HAVE_LIMITS_H 1
| #define HAVE_MEMORY_H 1
| #define HAVE_NETDB_H 1
| #define HAVE_NETINET_IN_H 1
| #define HAVE_SYS_PARAM_H 1
| #define HAVE_SYS_SOCKET_H 1
| #define HAVE_SYS_TIME_H 1
| #define HAVE_UNISTD_H 1
| #define HAVE_TERMIOS_H 1
| #define HAVE_TERMIO_H 1
| #define HAVE_SGTTY_H 1
| #define HAVE_SYS_IOCTL_H 1
| #define HAVE_CLOCKID_T 1
| #define RETSIGTYPE void
| #define LSTAT_FOLLOWS_SLASHED_SYMLINK 1
| #define HAVE_CLOCK_GETTIME 1
| #define HAVE_FTRUNCATE 1
| #define HAVE_GETHOSTBYNAME 1
| #define HAVE_GETTIMEOFDAY 1
| #define HAVE_GETWD 1
| #define HAVE_INET_NTOA 1
| #define HAVE_MEMCHR 1
| #define HAVE_MEMMOVE 1
| #define HAVE_MEMSET 1
| #define HAVE_MKDIR 1
| #define HAVE_RANDOM 1
| #define HAVE_SELECT 1
| #define HAVE_SNPRINTF 1
| #define HAVE_SOCKET 1
| #define HAVE_STRERROR 1
| #define HAVE_STRCASECMP 1
| #define HAVE_STRNCASECMP 1
| #define HAVE_STRTOL 1
| #define HAVE_STRTOLL 1
| #define HAVE_SYSTEM 1
| #define HAVE_VSNPRINTF 1
| #define HAVE_FORK 1
| #define HAVE_VFORK 1
| #define HAVE_WORKING_VFORK 1
| #define HAVE_WORKING_FORK 1
| #define HAVE_FSEEKO 1
| #define USE_TERMIOS 1
| #define GWINSZ_IN_SYS_IOCTL 1
| /* end confdefs.h.  */
| 
| /* Override any GCC internal prototype to avoid an error.
|    Use char because int might match the return type of a GCC
|    builtin and then its argument prototype would still apply.  */
| #ifdef __cplusplus
| extern "C"
| #endif
| char SHA1_Init ();
| int
| main ()
| {
| return SHA1_Init ();
|   ;
|   return 0;
| }
configure:9037: g++ -o conftest -g -O2   conftest.cpp -lssl  -lrt  >&5
/usr/bin/ld: /tmp/ccTUoXl0.o: undefined reference to symbol 'SHA1_Init'
/usr/bin/ld: note: 'SHA1_Init' is defined in DSO /lib64/libcrypto.so.10 so try adding it to the linker command line
/lib64/libcrypto.so.10: could not read symbols: Invalid operation
collect2: ld returned 1 exit status
configure:9043: $? = 1
configure: failed program was:
| /* confdefs.h.  */
| #define PACKAGE_NAME "Enhanced CTorrent"
| #define PACKAGE_TARNAME "ctorrent"
| #define PACKAGE_VERSION "dnh3.3.2"
| #define PACKAGE_STRING "Enhanced CTorrent dnh3.3.2"
| #define PACKAGE_BUGREPORT "http://sourceforge.net/projects/dtorrent/ or dholmes@ct.boxmail.com"
| #define PACKAGE "ctorrent"
| #define VERSION "dnh3.3.2"
| #define HAVE_DIRENT_H 1
| #define STDC_HEADERS 1
| #define TIME_WITH_SYS_TIME 1
| #define HAVE_SYS_TYPES_H 1
| #define HAVE_SYS_STAT_H 1
| #define HAVE_STDLIB_H 1
| #define HAVE_STRING_H 1
| #define HAVE_MEMORY_H 1
| #define HAVE_STRINGS_H 1
| #define HAVE_INTTYPES_H 1
| #define HAVE_STDINT_H 1
| #define HAVE_UNISTD_H 1
| #define HAVE_ARPA_INET_H 1
| #define HAVE_FCNTL_H 1
| #define HAVE_LIMITS_H 1
| #define HAVE_MEMORY_H 1
| #define HAVE_NETDB_H 1
| #define HAVE_NETINET_IN_H 1
| #define HAVE_SYS_PARAM_H 1
| #define HAVE_SYS_SOCKET_H 1
| #define HAVE_SYS_TIME_H 1
| #define HAVE_UNISTD_H 1
| #define HAVE_TERMIOS_H 1
| #define HAVE_TERMIO_H 1
| #define HAVE_SGTTY_H 1
| #define HAVE_SYS_IOCTL_H 1
| #define HAVE_CLOCKID_T 1
| #define RETSIGTYPE void
| #define LSTAT_FOLLOWS_SLASHED_SYMLINK 1
| #define HAVE_CLOCK_GETTIME 1
| #define HAVE_FTRUNCATE 1
| #define HAVE_GETHOSTBYNAME 1
| #define HAVE_GETTIMEOFDAY 1
| #define HAVE_GETWD 1
| #define HAVE_INET_NTOA 1
| #define HAVE_MEMCHR 1
| #define HAVE_MEMMOVE 1
| #define HAVE_MEMSET 1
| #define HAVE_MKDIR 1
| #define HAVE_RANDOM 1
| #define HAVE_SELECT 1
| #define HAVE_SNPRINTF 1
| #define HAVE_SOCKET 1
| #define HAVE_STRERROR 1
| #define HAVE_STRCASECMP 1
| #define HAVE_STRNCASECMP 1
| #define HAVE_STRTOL 1
| #define HAVE_STRTOLL 1
| #define HAVE_SYSTEM 1
| #define HAVE_VSNPRINTF 1
| #define HAVE_FORK 1
| #define HAVE_VFORK 1
| #define HAVE_WORKING_VFORK 1
| #define HAVE_WORKING_FORK 1
| #define HAVE_FSEEKO 1
| #define USE_TERMIOS 1
| #define GWINSZ_IN_SYS_IOCTL 1
| /* end confdefs.h.  */
| 
| /* Override any GCC internal prototype to avoid an error.
|    Use char because int might match the return type of a GCC
|    builtin and then its argument prototype would still apply.  */
| #ifdef __cplusplus
| extern "C"
| #endif
| char SHA1_Init ();
| int
| main ()
| {
| return SHA1_Init ();
|   ;
|   return 0;
| }
configure:9037: g++ -o conftest -g -O2   conftest.cpp -lcrypto  -lrt  >&5
configure:9043: $? = 0
configure:9071: result: -lcrypto
configure:9103: checking openssl/sha.h usability
configure:9120: g++ -c -g -O2  conftest.cpp >&5
configure:9126: $? = 0
configure:9140: result: yes
configure:9144: checking openssl/sha.h presence
configure:9159: g++ -E  conftest.cpp
configure:9165: $? = 0
configure:9179: result: yes
configure:9212: checking for openssl/sha.h
configure:9220: result: yes
configure:9103: checking ssl/sha.h usability
configure:9120: g++ -c -g -O2  conftest.cpp >&5
conftest.cpp:101:21: fatal error: ssl/sha.h: No such file or directory
compilation terminated.
configure:9126: $? = 1
configure: failed program was:
| /* confdefs.h.  */
| #define PACKAGE_NAME "Enhanced CTorrent"
| #define PACKAGE_TARNAME "ctorrent"
| #define PACKAGE_VERSION "dnh3.3.2"
| #define PACKAGE_STRING "Enhanced CTorrent dnh3.3.2"
| #define PACKAGE_BUGREPORT "http://sourceforge.net/projects/dtorrent/ or dholmes@ct.boxmail.com"
| #define PACKAGE "ctorrent"
| #define VERSION "dnh3.3.2"
| #define HAVE_DIRENT_H 1
| #define STDC_HEADERS 1
| #define TIME_WITH_SYS_TIME 1
| #define HAVE_SYS_TYPES_H 1
| #define HAVE_SYS_STAT_H 1
| #define HAVE_STDLIB_H 1
| #define HAVE_STRING_H 1
| #define HAVE_MEMORY_H 1
| #define HAVE_STRINGS_H 1
| #define HAVE_INTTYPES_H 1
| #define HAVE_STDINT_H 1
| #define HAVE_UNISTD_H 1
| #define HAVE_ARPA_INET_H 1
| #define HAVE_FCNTL_H 1
| #define HAVE_LIMITS_H 1
| #define HAVE_MEMORY_H 1
| #define HAVE_NETDB_H 1
| #define HAVE_NETINET_IN_H 1
| #define HAVE_SYS_PARAM_H 1
| #define HAVE_SYS_SOCKET_H 1
| #define HAVE_SYS_TIME_H 1
| #define HAVE_UNISTD_H 1
| #define HAVE_TERMIOS_H 1
| #define HAVE_TERMIO_H 1
| #define HAVE_SGTTY_H 1
| #define HAVE_SYS_IOCTL_H 1
| #define HAVE_CLOCKID_T 1
| #define RETSIGTYPE void
| #define LSTAT_FOLLOWS_SLASHED_SYMLINK 1
| #define HAVE_CLOCK_GETTIME 1
| #define HAVE_FTRUNCATE 1
| #define HAVE_GETHOSTBYNAME 1
| #define HAVE_GETTIMEOFDAY 1
| #define HAVE_GETWD 1
| #define HAVE_INET_NTOA 1
| #define HAVE_MEMCHR 1
| #define HAVE_MEMMOVE 1
| #define HAVE_MEMSET 1
| #define HAVE_MKDIR 1
| #define HAVE_RANDOM 1
| #define HAVE_SELECT 1
| #define HAVE_SNPRINTF 1
| #define HAVE_SOCKET 1
| #define HAVE_STRERROR 1
| #define HAVE_STRCASECMP 1
| #define HAVE_STRNCASECMP 1
| #define HAVE_STRTOL 1
| #define HAVE_STRTOLL 1
| #define HAVE_SYSTEM 1
| #define HAVE_VSNPRINTF 1
| #define HAVE_FORK 1
| #define HAVE_VFORK 1
| #define HAVE_WORKING_VFORK 1
| #define HAVE_WORKING_FORK 1
| #define HAVE_FSEEKO 1
| #define USE_TERMIOS 1
| #define GWINSZ_IN_SYS_IOCTL 1
| #define HAVE_OPENSSL_SHA_H 1
| /* end confdefs.h.  */
| #include <stdio.h>
| #ifdef HAVE_SYS_TYPES_H
| # include <sys/types.h>
| #endif
| #ifdef HAVE_SYS_STAT_H
| # include <sys/stat.h>
| #endif
| #ifdef STDC_HEADERS
| # include <stdlib.h>
| # include <stddef.h>
| #else
| # ifdef HAVE_STDLIB_H
| #  include <stdlib.h>
| # endif
| #endif
| #ifdef HAVE_STRING_H
| # if !defined STDC_HEADERS && defined HAVE_MEMORY_H
| #  include <memory.h>
| # endif
| # include <string.h>
| #endif
| #ifdef HAVE_STRINGS_H
| # include <strings.h>
| #endif
| #ifdef HAVE_INTTYPES_H
| # include <inttypes.h>
| #endif
| #ifdef HAVE_STDINT_H
| # include <stdint.h>
| #endif
| #ifdef HAVE_UNISTD_H
| # include <unistd.h>
| #endif
| #include <ssl/sha.h>
configure:9140: result: no
configure:9144: checking ssl/sha.h presence
configure:9159: g++ -E  conftest.cpp
conftest.cpp:68:21: fatal error: ssl/sha.h: No such file or directory
compilation terminated.
configure:9165: $? = 1
configure: failed program was:
| /* confdefs.h.  */
| #define PACKAGE_NAME "Enhanced CTorrent"
| #define PACKAGE_TARNAME "ctorrent"
| #define PACKAGE_VERSION "dnh3.3.2"
| #define PACKAGE_STRING "Enhanced CTorrent dnh3.3.2"
| #define PACKAGE_BUGREPORT "http://sourceforge.net/projects/dtorrent/ or dholmes@ct.boxmail.com"
| #define PACKAGE "ctorrent"
| #define VERSION "dnh3.3.2"
| #define HAVE_DIRENT_H 1
| #define STDC_HEADERS 1
| #define TIME_WITH_SYS_TIME 1
| #define HAVE_SYS_TYPES_H 1
| #define HAVE_SYS_STAT_H 1
| #define HAVE_STDLIB_H 1
| #define HAVE_STRING_H 1
| #define HAVE_MEMORY_H 1
| #define HAVE_STRINGS_H 1
| #define HAVE_INTTYPES_H 1
| #define HAVE_STDINT_H 1
| #define HAVE_UNISTD_H 1
| #define HAVE_ARPA_INET_H 1
| #define HAVE_FCNTL_H 1
| #define HAVE_LIMITS_H 1
| #define HAVE_MEMORY_H 1
| #define HAVE_NETDB_H 1
| #define HAVE_NETINET_IN_H 1
| #define HAVE_SYS_PARAM_H 1
| #define HAVE_SYS_SOCKET_H 1
| #define HAVE_SYS_TIME_H 1
| #define HAVE_UNISTD_H 1
| #define HAVE_TERMIOS_H 1
| #define HAVE_TERMIO_H 1
| #define HAVE_SGTTY_H 1
| #define HAVE_SYS_IOCTL_H 1
| #define HAVE_CLOCKID_T 1
| #define RETSIGTYPE void
| #define LSTAT_FOLLOWS_SLASHED_SYMLINK 1
| #define HAVE_CLOCK_GETTIME 1
| #define HAVE_FTRUNCATE 1
| #define HAVE_GETHOSTBYNAME 1
| #define HAVE_GETTIMEOFDAY 1
| #define HAVE_GETWD 1
| #define HAVE_INET_NTOA 1
| #define HAVE_MEMCHR 1
| #define HAVE_MEMMOVE 1
| #define HAVE_MEMSET 1
| #define HAVE_MKDIR 1
| #define HAVE_RANDOM 1
| #define HAVE_SELECT 1
| #define HAVE_SNPRINTF 1
| #define HAVE_SOCKET 1
| #define HAVE_STRERROR 1
| #define HAVE_STRCASECMP 1
| #define HAVE_STRNCASECMP 1
| #define HAVE_STRTOL 1
| #define HAVE_STRTOLL 1
| #define HAVE_SYSTEM 1
| #define HAVE_VSNPRINTF 1
| #define HAVE_FORK 1
| #define HAVE_VFORK 1
| #define HAVE_WORKING_VFORK 1
| #define HAVE_WORKING_FORK 1
| #define HAVE_FSEEKO 1
| #define USE_TERMIOS 1
| #define GWINSZ_IN_SYS_IOCTL 1
| #define HAVE_OPENSSL_SHA_H 1
| /* end confdefs.h.  */
| #include <ssl/sha.h>
configure:9179: result: no
configure:9212: checking for ssl/sha.h
configure:9220: result: no
configure:9103: checking sha.h usability
configure:9120: g++ -c -g -O2  conftest.cpp >&5
conftest.cpp:101:17: fatal error: sha.h: No such file or directory
compilation terminated.
configure:9126: $? = 1
configure: failed program was:
| /* confdefs.h.  */
| #define PACKAGE_NAME "Enhanced CTorrent"
| #define PACKAGE_TARNAME "ctorrent"
| #define PACKAGE_VERSION "dnh3.3.2"
| #define PACKAGE_STRING "Enhanced CTorrent dnh3.3.2"
| #define PACKAGE_BUGREPORT "http://sourceforge.net/projects/dtorrent/ or dholmes@ct.boxmail.com"
| #define PACKAGE "ctorrent"
| #define VERSION "dnh3.3.2"
| #define HAVE_DIRENT_H 1
| #define STDC_HEADERS 1
| #define TIME_WITH_SYS_TIME 1
| #define HAVE_SYS_TYPES_H 1
| #define HAVE_SYS_STAT_H 1
| #define HAVE_STDLIB_H 1
| #define HAVE_STRING_H 1
| #define HAVE_MEMORY_H 1
| #define HAVE_STRINGS_H 1
| #define HAVE_INTTYPES_H 1
| #define HAVE_STDINT_H 1
| #define HAVE_UNISTD_H 1
| #define HAVE_ARPA_INET_H 1
| #define HAVE_FCNTL_H 1
| #define HAVE_LIMITS_H 1
| #define HAVE_MEMORY_H 1
| #define HAVE_NETDB_H 1
| #define HAVE_NETINET_IN_H 1
| #define HAVE_SYS_PARAM_H 1
| #define HAVE_SYS_SOCKET_H 1
| #define HAVE_SYS_TIME_H 1
| #define HAVE_UNISTD_H 1
| #define HAVE_TERMIOS_H 1
| #define HAVE_TERMIO_H 1
| #define HAVE_SGTTY_H 1
| #define HAVE_SYS_IOCTL_H 1
| #define HAVE_CLOCKID_T 1
| #define RETSIGTYPE void
| #define LSTAT_FOLLOWS_SLASHED_SYMLINK 1
| #define HAVE_CLOCK_GETTIME 1
| #define HAVE_FTRUNCATE 1
| #define HAVE_GETHOSTBYNAME 1
| #define HAVE_GETTIMEOFDAY 1
| #define HAVE_GETWD 1
| #define HAVE_INET_NTOA 1
| #define HAVE_MEMCHR 1
| #define HAVE_MEMMOVE 1
| #define HAVE_MEMSET 1
| #define HAVE_MKDIR 1
| #define HAVE_RANDOM 1
| #define HAVE_SELECT 1
| #define HAVE_SNPRINTF 1
| #define HAVE_SOCKET 1
| #define HAVE_STRERROR 1
| #define HAVE_STRCASECMP 1
| #define HAVE_STRNCASECMP 1
| #define HAVE_STRTOL 1
| #define HAVE_STRTOLL 1
| #define HAVE_SYSTEM 1
| #define HAVE_VSNPRINTF 1
| #define HAVE_FORK 1
| #define HAVE_VFORK 1
| #define HAVE_WORKING_VFORK 1
| #define HAVE_WORKING_FORK 1
| #define HAVE_FSEEKO 1
| #define USE_TERMIOS 1
| #define GWINSZ_IN_SYS_IOCTL 1
| #define HAVE_OPENSSL_SHA_H 1
| /* end confdefs.h.  */
| #include <stdio.h>
| #ifdef HAVE_SYS_TYPES_H
| # include <sys/types.h>
| #endif
| #ifdef HAVE_SYS_STAT_H
| # include <sys/stat.h>
| #endif
| #ifdef STDC_HEADERS
| # include <stdlib.h>
| # include <stddef.h>
| #else
| # ifdef HAVE_STDLIB_H
| #  include <stdlib.h>
| # endif
| #endif
| #ifdef HAVE_STRING_H
| # if !defined STDC_HEADERS && defined HAVE_MEMORY_H
| #  include <memory.h>
| # endif
| # include <string.h>
| #endif
| #ifdef HAVE_STRINGS_H
| # include <strings.h>
| #endif
| #ifdef HAVE_INTTYPES_H
| # include <inttypes.h>
| #endif
| #ifdef HAVE_STDINT_H
| # include <stdint.h>
| #endif
| #ifdef HAVE_UNISTD_H
| # include <unistd.h>
| #endif
| #include <sha.h>
configure:9140: result: no
configure:9144: checking sha.h presence
configure:9159: g++ -E  conftest.cpp
conftest.cpp:68:17: fatal error: sha.h: No such file or directory
compilation terminated.
configure:9165: $? = 1
configure: failed program was:
| /* confdefs.h.  */
| #define PACKAGE_NAME "Enhanced CTorrent"
| #define PACKAGE_TARNAME "ctorrent"
| #define PACKAGE_VERSION "dnh3.3.2"
| #define PACKAGE_STRING "Enhanced CTorrent dnh3.3.2"
| #define PACKAGE_BUGREPORT "http://sourceforge.net/projects/dtorrent/ or dholmes@ct.boxmail.com"
| #define PACKAGE "ctorrent"
| #define VERSION "dnh3.3.2"
| #define HAVE_DIRENT_H 1
| #define STDC_HEADERS 1
| #define TIME_WITH_SYS_TIME 1
| #define HAVE_SYS_TYPES_H 1
| #define HAVE_SYS_STAT_H 1
| #define HAVE_STDLIB_H 1
| #define HAVE_STRING_H 1
| #define HAVE_MEMORY_H 1
| #define HAVE_STRINGS_H 1
| #define HAVE_INTTYPES_H 1
| #define HAVE_STDINT_H 1
| #define HAVE_UNISTD_H 1
| #define HAVE_ARPA_INET_H 1
| #define HAVE_FCNTL_H 1
| #define HAVE_LIMITS_H 1
| #define HAVE_MEMORY_H 1
| #define HAVE_NETDB_H 1
| #define HAVE_NETINET_IN_H 1
| #define HAVE_SYS_PARAM_H 1
| #define HAVE_SYS_SOCKET_H 1
| #define HAVE_SYS_TIME_H 1
| #define HAVE_UNISTD_H 1
| #define HAVE_TERMIOS_H 1
| #define HAVE_TERMIO_H 1
| #define HAVE_SGTTY_H 1
| #define HAVE_SYS_IOCTL_H 1
| #define HAVE_CLOCKID_T 1
| #define RETSIGTYPE void
| #define LSTAT_FOLLOWS_SLASHED_SYMLINK 1
| #define HAVE_CLOCK_GETTIME 1
| #define HAVE_FTRUNCATE 1
| #define HAVE_GETHOSTBYNAME 1
| #define HAVE_GETTIMEOFDAY 1
| #define HAVE_GETWD 1
| #define HAVE_INET_NTOA 1
| #define HAVE_MEMCHR 1
| #define HAVE_MEMMOVE 1
| #define HAVE_MEMSET 1
| #define HAVE_MKDIR 1
| #define HAVE_RANDOM 1
| #define HAVE_SELECT 1
| #define HAVE_SNPRINTF 1
| #define HAVE_SOCKET 1
| #define HAVE_STRERROR 1
| #define HAVE_STRCASECMP 1
| #define HAVE_STRNCASECMP 1
| #define HAVE_STRTOL 1
| #define HAVE_STRTOLL 1
| #define HAVE_SYSTEM 1
| #define HAVE_VSNPRINTF 1
| #define HAVE_FORK 1
| #define HAVE_VFORK 1
| #define HAVE_WORKING_VFORK 1
| #define HAVE_WORKING_FORK 1
| #define HAVE_FSEEKO 1
| #define USE_TERMIOS 1
| #define GWINSZ_IN_SYS_IOCTL 1
| #define HAVE_OPENSSL_SHA_H 1
| /* end confdefs.h.  */
| #include <sha.h>
configure:9179: result: no
configure:9212: checking for sha.h
configure:9220: result: no
configure:9238: checking for ctime_r
configure:9266: g++ -c -g -O2  conftest.cpp >&5
configure:9272: $? = 0
configure:9312: g++ -c -g -O2  conftest.cpp >&5
conftest.cpp: In function 'int main()':
conftest.cpp:75:26: error: too many arguments to function 'char* ctime_r(const time_t*, char*)'
/usr/include/time.h:270:14: note: declared here
configure:9318: $? = 1
configure: failed program was:
| /* confdefs.h.  */
| #define PACKAGE_NAME "Enhanced CTorrent"
| #define PACKAGE_TARNAME "ctorrent"
| #define PACKAGE_VERSION "dnh3.3.2"
| #define PACKAGE_STRING "Enhanced CTorrent dnh3.3.2"
| #define PACKAGE_BUGREPORT "http://sourceforge.net/projects/dtorrent/ or dholmes@ct.boxmail.com"
| #define PACKAGE "ctorrent"
| #define VERSION "dnh3.3.2"
| #define HAVE_DIRENT_H 1
| #define STDC_HEADERS 1
| #define TIME_WITH_SYS_TIME 1
| #define HAVE_SYS_TYPES_H 1
| #define HAVE_SYS_STAT_H 1
| #define HAVE_STDLIB_H 1
| #define HAVE_STRING_H 1
| #define HAVE_MEMORY_H 1
| #define HAVE_STRINGS_H 1
| #define HAVE_INTTYPES_H 1
| #define HAVE_STDINT_H 1
| #define HAVE_UNISTD_H 1
| #define HAVE_ARPA_INET_H 1
| #define HAVE_FCNTL_H 1
| #define HAVE_LIMITS_H 1
| #define HAVE_MEMORY_H 1
| #define HAVE_NETDB_H 1
| #define HAVE_NETINET_IN_H 1
| #define HAVE_SYS_PARAM_H 1
| #define HAVE_SYS_SOCKET_H 1
| #define HAVE_SYS_TIME_H 1
| #define HAVE_UNISTD_H 1
| #define HAVE_TERMIOS_H 1
| #define HAVE_TERMIO_H 1
| #define HAVE_SGTTY_H 1
| #define HAVE_SYS_IOCTL_H 1
| #define HAVE_CLOCKID_T 1
| #define RETSIGTYPE void
| #define LSTAT_FOLLOWS_SLASHED_SYMLINK 1
| #define HAVE_CLOCK_GETTIME 1
| #define HAVE_FTRUNCATE 1
| #define HAVE_GETHOSTBYNAME 1
| #define HAVE_GETTIMEOFDAY 1
| #define HAVE_GETWD 1
| #define HAVE_INET_NTOA 1
| #define HAVE_MEMCHR 1
| #define HAVE_MEMMOVE 1
| #define HAVE_MEMSET 1
| #define HAVE_MKDIR 1
| #define HAVE_RANDOM 1
| #define HAVE_SELECT 1
| #define HAVE_SNPRINTF 1
| #define HAVE_SOCKET 1
| #define HAVE_STRERROR 1
| #define HAVE_STRCASECMP 1
| #define HAVE_STRNCASECMP 1
| #define HAVE_STRTOL 1
| #define HAVE_STRTOLL 1
| #define HAVE_SYSTEM 1
| #define HAVE_VSNPRINTF 1
| #define HAVE_FORK 1
| #define HAVE_VFORK 1
| #define HAVE_WORKING_VFORK 1
| #define HAVE_WORKING_FORK 1
| #define HAVE_FSEEKO 1
| #define USE_TERMIOS 1
| #define GWINSZ_IN_SYS_IOCTL 1
| #define HAVE_OPENSSL_SHA_H 1
| /* end confdefs.h.  */
| #include <time.h>
| int
| main ()
| {
| 
| 		time_t clock;
| 		char buf[26];
| 		ctime_r(&clock, buf, 26);
| 
|   ;
|   return 0;
| }
configure:9350: result: yes, and it takes 2 arguments
configure:9484: creating ./config.status

## ---------------------- ##
## Running config.status. ##
## ---------------------- ##

This file was extended by Enhanced CTorrent config.status dnh3.3.2, which was
generated by GNU Autoconf 2.61.  Invocation command line was

  CONFIG_FILES    = 
  CONFIG_HEADERS  = 
  CONFIG_LINKS    = 
  CONFIG_COMMANDS = 
  $ ./config.status 

on smalik-laptop

config.status:640: creating Makefile
config.status:775: WARNING:  Makefile.in seems to ignore the --datarootdir setting
config.status:640: creating config.h
config.status:963: executing depfiles commands

## ---------------- ##
## Cache variables. ##
## ---------------- ##

ac_cv_c_bigendian=no
ac_cv_c_compiler_gnu=yes
ac_cv_c_const=yes
ac_cv_c_inline=inline
ac_cv_c_int16_t=yes
ac_cv_c_int32_t=yes
ac_cv_c_int64_t=yes
ac_cv_c_int8_t=yes
ac_cv_c_uint16_t=yes
ac_cv_c_uint32_t=yes
ac_cv_c_uint64_t=yes
ac_cv_c_uint8_t=yes
ac_cv_ctime_args=2
ac_cv_cxx_compiler_gnu=yes
ac_cv_env_CCC_set=
ac_cv_env_CCC_value=
ac_cv_env_CC_set=
ac_cv_env_CC_value=
ac_cv_env_CFLAGS_set=
ac_cv_env_CFLAGS_value=
ac_cv_env_CPPFLAGS_set=
ac_cv_env_CPPFLAGS_value=
ac_cv_env_CXXCPP_set=
ac_cv_env_CXXCPP_value=
ac_cv_env_CXXFLAGS_set=
ac_cv_env_CXXFLAGS_value=
ac_cv_env_CXX_set=
ac_cv_env_CXX_value=
ac_cv_env_LDFLAGS_set=
ac_cv_env_LDFLAGS_value=
ac_cv_env_LIBS_set=
ac_cv_env_LIBS_value=
ac_cv_env_build_alias_set=
ac_cv_env_build_alias_value=
ac_cv_env_host_alias_set=
ac_cv_env_host_alias_value=
ac_cv_env_target_alias_set=
ac_cv_env_target_alias_value=
ac_cv_func_clock_gettime=yes
ac_cv_func_fork=yes
ac_cv_func_fork_works=yes
ac_cv_func_ftruncate=yes
ac_cv_func_gethostbyname=yes
ac_cv_func_gettimeofday=yes
ac_cv_func_getwd=yes
ac_cv_func_inet_ntoa=yes
ac_cv_func_lstat_dereferences_slashed_symlink=yes
ac_cv_func_memchr=yes
ac_cv_func_memcmp_working=yes
ac_cv_func_memmove=yes
ac_cv_func_memset=yes
ac_cv_func_mkdir=yes
ac_cv_func_random=yes
ac_cv_func_select=yes
ac_cv_func_snprintf=yes
ac_cv_func_socket=yes
ac_cv_func_stat_empty_string_bug=no
ac_cv_func_strcasecmp=yes
ac_cv_func_strerror=yes
ac_cv_func_strncasecmp=yes
ac_cv_func_strnstr=no
ac_cv_func_strtod=yes
ac_cv_func_strtol=yes
ac_cv_func_strtoll=yes
ac_cv_func_system=yes
ac_cv_func_vfork=yes
ac_cv_func_vfork_works=yes
ac_cv_func_vsnprintf=yes
ac_cv_have_decl_INADDR_NONE=yes
ac_cv_header_arpa_inet_h=yes
ac_cv_header_dirent_dirent_h=yes
ac_cv_header_fcntl_h=yes
ac_cv_header_inttypes_h=yes
ac_cv_header_ioctl_h=no
ac_cv_header_limits_h=yes
ac_cv_header_memory_h=yes
ac_cv_header_netdb_h=yes
ac_cv_header_netinet_in_h=yes
ac_cv_header_openssl_sha_h=yes
ac_cv_header_sgtty_h=yes
ac_cv_header_sha_h=no
ac_cv_header_ssl_sha_h=no
ac_cv_header_stdc=yes
ac_cv_header_stdint_h=yes
ac_cv_header_stdlib_h=yes
ac_cv_header_string_h=yes
ac_cv_header_strings_h=yes
ac_cv_header_sys_ioctl_h=yes
ac_cv_header_sys_param_h=yes
ac_cv_header_sys_socket_h=yes
ac_cv_header_sys_stat_h=yes
ac_cv_header_sys_time_h=yes
ac_cv_header_sys_types_h=yes
ac_cv_header_termio_h=yes
ac_cv_header_termios_h=yes
ac_cv_header_time=yes
ac_cv_header_unistd_h=yes
ac_cv_header_vfork_h=no
ac_cv_objext=o
ac_cv_path_EGREP='/bin/grep -E'
ac_cv_path_GREP=/bin/grep
ac_cv_path_install='/usr/bin/install -c'
ac_cv_prog_AWK=gawk
ac_cv_prog_CXXCPP='g++ -E'
ac_cv_prog_ac_ct_CC=gcc
ac_cv_prog_ac_ct_CXX=g++
ac_cv_prog_cc_c89=
ac_cv_prog_cc_g=yes
ac_cv_prog_cxx_g=yes
ac_cv_prog_gcc_traditional=no
ac_cv_prog_make_make_set=yes
ac_cv_search_SHA1_Init=-lcrypto
ac_cv_search_clock_gettime=-lrt
ac_cv_search_gethostbyname='none required'
ac_cv_search_opendir='none required'
ac_cv_search_socket='none required'
ac_cv_sys_file_offset_bits=no
ac_cv_sys_largefile_CC=no
ac_cv_sys_largefile_source=no
ac_cv_sys_posix_termios=yes
ac_cv_sys_tiocgwinsz_in_sys_ioctl_h=yes
ac_cv_sys_tiocgwinsz_in_termios_h=no
ac_cv_type_clockid_t=yes
ac_cv_type_pid_t=yes
ac_cv_type_signal=void
ac_cv_type_size_t=yes
ac_cv_type_ssize_t=yes
am_cv_CC_dependencies_compiler_type=gcc3
am_cv_CXX_dependencies_compiler_type=gcc3

## ----------------- ##
## Output variables. ##
## ----------------- ##

ACLOCAL='${SHELL} /home/smalik/Downloads/arm/ctorrent/ctorrent-dnh3.3.2/missing --run aclocal-1.9'
AMDEPBACKSLASH='\'
AMDEP_FALSE='#'
AMDEP_TRUE=''
AMTAR='${SHELL} /home/smalik/Downloads/arm/ctorrent/ctorrent-dnh3.3.2/missing --run tar'
AUTOCONF='${SHELL} /home/smalik/Downloads/arm/ctorrent/ctorrent-dnh3.3.2/missing --run autoconf'
AUTOHEADER='${SHELL} /home/smalik/Downloads/arm/ctorrent/ctorrent-dnh3.3.2/missing --run autoheader'
AUTOMAKE='${SHELL} /home/smalik/Downloads/arm/ctorrent/ctorrent-dnh3.3.2/missing --run automake-1.9'
AWK='gawk'
CC='gcc'
CCDEPMODE='depmode=gcc3'
CFLAGS='-g -O2'
CPPFLAGS=''
CXX='g++'
CXXCPP='g++ -E'
CXXDEPMODE='depmode=gcc3'
CXXFLAGS='-g -O2'
CYGPATH_W='echo'
DEFS='-DHAVE_CONFIG_H'
DEPDIR='.deps'
ECHO_C=''
ECHO_N='-n'
ECHO_T=''
EGREP='/bin/grep -E'
EXEEXT=''
GREP='/bin/grep'
INSTALL_DATA='${INSTALL} -m 644'
INSTALL_PROGRAM='${INSTALL}'
INSTALL_SCRIPT='${INSTALL}'
INSTALL_STRIP_PROGRAM='${SHELL} $(install_sh) -c -s'
LDFLAGS=''
LIBOBJS=''
LIBS='-lcrypto -lrt '
LTLIBOBJS=''
MAKEINFO='${SHELL} /home/smalik/Downloads/arm/ctorrent/ctorrent-dnh3.3.2/missing --run makeinfo'
OBJEXT='o'
PACKAGE='ctorrent'
PACKAGE_BUGREPORT='http://sourceforge.net/projects/dtorrent/ or dholmes@ct.boxmail.com'
PACKAGE_NAME='Enhanced CTorrent'
PACKAGE_STRING='Enhanced CTorrent dnh3.3.2'
PACKAGE_TARNAME='ctorrent'
PACKAGE_VERSION='dnh3.3.2'
PATH_SEPARATOR=':'
POW_LIB=''
SET_MAKE=''
SHELL='/bin/sh'
STRIP=''
VERSION='dnh3.3.2'
ac_ct_CC='gcc'
ac_ct_CXX='g++'
am__fastdepCC_FALSE='#'
am__fastdepCC_TRUE=''
am__fastdepCXX_FALSE='#'
am__fastdepCXX_TRUE=''
am__include='include'
am__leading_dot='.'
am__quote=''
am__tar='${AMTAR} chof - "$$tardir"'
am__untar='${AMTAR} xf -'
bindir='${exec_prefix}/bin'
build_alias=''
datadir='${datarootdir}'
datarootdir='${prefix}/share'
docdir='${datarootdir}/doc/${PACKAGE_TARNAME}'
dvidir='${docdir}'
exec_prefix='${prefix}'
host_alias=''
htmldir='${docdir}'
includedir='${prefix}/include'
infodir='${datarootdir}/info'
install_sh='/home/smalik/Downloads/arm/ctorrent/ctorrent-dnh3.3.2/install-sh'
libdir='${exec_prefix}/lib'
libexecdir='${exec_prefix}/libexec'
localedir='${datarootdir}/locale'
localstatedir='${prefix}/var'
mandir='${datarootdir}/man'
mkdir_p='mkdir -p --'
oldincludedir='/usr/include'
pdfdir='${docdir}'
prefix='/usr/local'
program_transform_name='s,x,x,'
psdir='${docdir}'
sbindir='${exec_prefix}/sbin'
sharedstatedir='${prefix}/com'
sysconfdir='${prefix}/etc'
target_alias=''

## ----------- ##
## confdefs.h. ##
## ----------- ##

#define PACKAGE_NAME "Enhanced CTorrent"
#define PACKAGE_TARNAME "ctorrent"
#define PACKAGE_VERSION "dnh3.3.2"
#define PACKAGE_STRING "Enhanced CTorrent dnh3.3.2"
#define PACKAGE_BUGREPORT "http://sourceforge.net/projects/dtorrent/ or dholmes@ct.boxmail.com"
#define PACKAGE "ctorrent"
#define VERSION "dnh3.3.2"
#define HAVE_DIRENT_H 1
#define STDC_HEADERS 1
#define TIME_WITH_SYS_TIME 1
#define HAVE_SYS_TYPES_H 1
#define HAVE_SYS_STAT_H 1
#define HAVE_STDLIB_H 1
#define HAVE_STRING_H 1
#define HAVE_MEMORY_H 1
#define HAVE_STRINGS_H 1
#define HAVE_INTTYPES_H 1
#define HAVE_STDINT_H 1
#define HAVE_UNISTD_H 1
#define HAVE_ARPA_INET_H 1
#define HAVE_FCNTL_H 1
#define HAVE_LIMITS_H 1
#define HAVE_MEMORY_H 1
#define HAVE_NETDB_H 1
#define HAVE_NETINET_IN_H 1
#define HAVE_SYS_PARAM_H 1
#define HAVE_SYS_SOCKET_H 1
#define HAVE_SYS_TIME_H 1
#define HAVE_UNISTD_H 1
#define HAVE_TERMIOS_H 1
#define HAVE_TERMIO_H 1
#define HAVE_SGTTY_H 1
#define HAVE_SYS_IOCTL_H 1
#define HAVE_CLOCKID_T 1
#define RETSIGTYPE void
#define LSTAT_FOLLOWS_SLASHED_SYMLINK 1
#define HAVE_CLOCK_GETTIME 1
#define HAVE_FTRUNCATE 1
#define HAVE_GETHOSTBYNAME 1
#define HAVE_GETTIMEOFDAY 1
#define HAVE_GETWD 1
#define HAVE_INET_NTOA 1
#define HAVE_MEMCHR 1
#define HAVE_MEMMOVE 1
#define HAVE_MEMSET 1
#define HAVE_MKDIR 1
#define HAVE_RANDOM 1
#define HAVE_SELECT 1
#define HAVE_SNPRINTF 1
#define HAVE_SOCKET 1
#define HAVE_STRERROR 1
#define HAVE_STRCASECMP 1
#define HAVE_STRNCASECMP 1
#define HAVE_STRTOL 1
#define HAVE_STRTOLL 1
#define HAVE_SYSTEM 1
#define HAVE_VSNPRINTF 1
#define HAVE_FORK 1
#define HAVE_VFORK 1
#define HAVE_WORKING_VFORK 1
#define HAVE_WORKING_FORK 1
#define HAVE_FSEEKO 1
#define USE_TERMIOS 1
#define GWINSZ_IN_SYS_IOCTL 1
#define HAVE_OPENSSL_SHA_H 1
#define HAVE_CTIME_R_2 1

configure: exit 0
